# JRE version: OpenJDK Runtime Environment (8.0_242-b01) (build 1.8.0_242-release-1644-b01)
# Java VM: OpenJDK 64-Bit Server VM (25.242-b01 mixed mode windows-amd64 compressed oops)
Heap:
 PSYoungGen      total 419328K, used 97869K [0x00000000e0000000, 0x0000000100000000, 0x0000000100000000)
  eden space 367616K, 26% used [0x00000000e0000000,0x00000000e5f93590,0x00000000f6700000)
  from space 51712K, 0% used [0x00000000f6700000,0x00000000f6700000,0x00000000f9980000)
  to   space 81408K, 0% used [0x00000000fb080000,0x00000000fb080000,0x0000000100000000)
 ParOldGen       total 284672K, used 96304K [0x00000000a0000000, 0x00000000b1600000, 0x00000000e0000000)
  object space 284672K, 33% used [0x00000000a0000000,0x00000000a5e0c3e0,0x00000000b1600000)
 Metaspace       used 133338K, capacity 136896K, committed 137048K, reserved 1165312K
  class space    used 19521K, capacity 20259K, committed 20312K, reserved 1048576K
GC Heap History (10 events):
Event: 101.506 GC heap before
{Heap before GC invocations=28 (full 4):
 PSYoungGen      total 471040K, used 431600K [0x00000000e0000000, 0x0000000100000000, 0x0000000100000000)
  eden space 417792K, 100% used [0x00000000e0000000,0x00000000f9800000,0x00000000f9800000)
  from space 53248K, 25% used [0x00000000f9800000,0x00000000fa57c090,0x00000000fcc00000)
  to   space 51712K, 0% used [0x00000000fcd80000,0x00000000fcd80000,0x0000000100000000)
 ParOldGen       total 231936K, used 141772K [0x00000000a0000000, 0x00000000ae280000, 0x00000000e0000000)
  object space 231936K, 61% used [0x00000000a0000000,0x00000000a8a730d8,0x00000000ae280000)
 Metaspace       used 101321K, capacity 103978K, committed 104152K, reserved 1138688K
  class space    used 13421K, capacity 14008K, committed 14040K, reserved 1048576K
Event: 101.550 GC heap after
Heap after GC invocations=28 (full 4):
 PSYoungGen      total 465408K, used 23617K [0x00000000e0000000, 0x00000000ffa80000, 0x0000000100000000)
  eden space 419328K, 0% used [0x00000000e0000000,0x00000000e0000000,0x00000000f9980000)
  from space 46080K, 51% used [0x00000000fcd80000,0x00000000fe490768,0x00000000ffa80000)
  to   space 49664K, 0% used [0x00000000f9980000,0x00000000f9980000,0x00000000fca00000)
 ParOldGen       total 231936K, used 141780K [0x00000000a0000000, 0x00000000ae280000, 0x00000000e0000000)
  object space 231936K, 61% used [0x00000000a0000000,0x00000000a8a750d8,0x00000000ae280000)
 Metaspace       used 101321K, capacity 103978K, committed 104152K, reserved 1138688K
  class space    used 13421K, capacity 14008K, committed 14040K, reserved 1048576K
}
Event: 139.805 GC heap before
{Heap before GC invocations=29 (full 4):
 PSYoungGen      total 465408K, used 442945K [0x00000000e0000000, 0x00000000ffa80000, 0x0000000100000000)
  eden space 419328K, 100% used [0x00000000e0000000,0x00000000f9980000,0x00000000f9980000)
  from space 46080K, 51% used [0x00000000fcd80000,0x00000000fe490768,0x00000000ffa80000)
  to   space 49664K, 0% used [0x00000000f9980000,0x00000000f9980000,0x00000000fca00000)
 ParOldGen       total 231936K, used 141780K [0x00000000a0000000, 0x00000000ae280000, 0x00000000e0000000)
  object space 231936K, 61% used [0x00000000a0000000,0x00000000a8a750d8,0x00000000ae280000)
 Metaspace       used 112233K, capacity 114996K, committed 115288K, reserved 1148928K
  class space    used 15830K, capacity 16429K, committed 16472K, reserved 1048576K
Event: 139.971 GC heap after
Heap after GC invocations=29 (full 4):
 PSYoungGen      total 466432K, used 46724K [0x00000000e0000000, 0x0000000100000000, 0x0000000100000000)
  eden space 419328K, 0% used [0x00000000e0000000,0x00000000e0000000,0x00000000f9980000)
  from space 47104K, 99% used [0x00000000f9980000,0x00000000fc721230,0x00000000fc780000)
  to   space 56320K, 0% used [0x00000000fc900000,0x00000000fc900000,0x0000000100000000)
 ParOldGen       total 231936K, used 141788K [0x00000000a0000000, 0x00000000ae280000, 0x00000000e0000000)
  object space 231936K, 61% used [0x00000000a0000000,0x00000000a8a770d8,0x00000000ae280000)
 Metaspace       used 112233K, capacity 114996K, committed 115288K, reserved 1148928K
  class space    used 15830K, capacity 16429K, committed 16472K, reserved 1048576K
}
Event: 157.432 GC heap before
{Heap before GC invocations=30 (full 4):
 PSYoungGen      total 466432K, used 466052K [0x00000000e0000000, 0x0000000100000000, 0x0000000100000000)
  eden space 419328K, 100% used [0x00000000e0000000,0x00000000f9980000,0x00000000f9980000)
  from space 47104K, 99% used [0x00000000f9980000,0x00000000fc721230,0x00000000fc780000)
  to   space 56320K, 0% used [0x00000000fc900000,0x00000000fc900000,0x0000000100000000)
 ParOldGen       total 231936K, used 141788K [0x00000000a0000000, 0x00000000ae280000, 0x00000000e0000000)
  object space 231936K, 61% used [0x00000000a0000000,0x00000000a8a770d8,0x00000000ae280000)
 Metaspace       used 124053K, capacity 126834K, committed 127064K, reserved 1157120K
  class space    used 18338K, capacity 18940K, committed 19032K, reserved 1048576K
Event: 157.552 GC heap after
Heap after GC invocations=30 (full 4):
 PSYoungGen      total 423936K, used 56289K [0x00000000e0000000, 0x0000000100000000, 0x0000000100000000)
  eden space 367616K, 0% used [0x00000000e0000000,0x00000000e0000000,0x00000000f6700000)
  from space 56320K, 99% used [0x00000000fc900000,0x00000000ffff8678,0x0000000100000000)
  to   space 78336K, 0% used [0x00000000f6700000,0x00000000f6700000,0x00000000fb380000)
 ParOldGen       total 231936K, used 178576K [0x00000000a0000000, 0x00000000ae280000, 0x00000000e0000000)
  object space 231936K, 76% used [0x00000000a0000000,0x00000000aae640d8,0x00000000ae280000)
 Metaspace       used 124053K, capacity 126834K, committed 127064K, reserved 1157120K
  class space    used 18338K, capacity 18940K, committed 19032K, reserved 1048576K
}
Event: 172.769 GC heap before
{Heap before GC invocations=31 (full 4):
 PSYoungGen      total 423936K, used 423905K [0x00000000e0000000, 0x0000000100000000, 0x0000000100000000)
  eden space 367616K, 100% used [0x00000000e0000000,0x00000000f6700000,0x00000000f6700000)
  from space 56320K, 99% used [0x00000000fc900000,0x00000000ffff8678,0x0000000100000000)
  to   space 78336K, 0% used [0x00000000f6700000,0x00000000f6700000,0x00000000fb380000)
 ParOldGen       total 231936K, used 178576K [0x00000000a0000000, 0x00000000ae280000, 0x00000000e0000000)
  object space 231936K, 76% used [0x00000000a0000000,0x00000000aae640d8,0x00000000ae280000)
 Metaspace       used 127699K, capacity 130824K, committed 131160K, reserved 1161216K
  class space    used 18795K, capacity 19447K, committed 19544K, reserved 1048576K
Event: 172.893 GC heap after
Heap after GC invocations=31 (full 4):
 PSYoungGen      total 419328K, used 51228K [0x00000000e0000000, 0x0000000100000000, 0x0000000100000000)
  eden space 367616K, 0% used [0x00000000e0000000,0x00000000e0000000,0x00000000f6700000)
  from space 51712K, 99% used [0x00000000f6700000,0x00000000f99070f8,0x00000000f9980000)
  to   space 81408K, 0% used [0x00000000fb080000,0x00000000fb080000,0x0000000100000000)
 ParOldGen       total 231936K, used 199700K [0x00000000a0000000, 0x00000000ae280000, 0x00000000e0000000)
  object space 231936K, 86% used [0x00000000a0000000,0x00000000ac305138,0x00000000ae280000)
 Metaspace       used 127699K, capacity 130824K, committed 131160K, reserved 1161216K
  class space    used 18795K, capacity 19447K, committed 19544K, reserved 1048576K
}
Event: 172.893 GC heap before
{Heap before GC invocations=32 (full 5):
 PSYoungGen      total 419328K, used 51228K [0x00000000e0000000, 0x0000000100000000, 0x0000000100000000)
  eden space 367616K, 0% used [0x00000000e0000000,0x00000000e0000000,0x00000000f6700000)
  from space 51712K, 99% used [0x00000000f6700000,0x00000000f99070f8,0x00000000f9980000)
  to   space 81408K, 0% used [0x00000000fb080000,0x00000000fb080000,0x0000000100000000)
 ParOldGen       total 231936K, used 199700K [0x00000000a0000000, 0x00000000ae280000, 0x00000000e0000000)
  object space 231936K, 86% used [0x00000000a0000000,0x00000000ac305138,0x00000000ae280000)
 Metaspace       used 127699K, capacity 130824K, committed 131160K, reserved 1161216K
  class space    used 18795K, capacity 19447K, committed 19544K, reserved 1048576K
Event: 176.034 GC heap after
Heap after GC invocations=32 (full 5):
 PSYoungGen      total 419328K, used 0K [0x00000000e0000000, 0x0000000100000000, 0x0000000100000000)
  eden space 367616K, 0% used [0x00000000e0000000,0x00000000e0000000,0x00000000f6700000)
  from space 51712K, 0% used [0x00000000f6700000,0x00000000f6700000,0x00000000f9980000)
  to   space 81408K, 0% used [0x00000000fb080000,0x00000000fb080000,0x0000000100000000)
 ParOldGen       total 284672K, used 96304K [0x00000000a0000000, 0x00000000b1600000, 0x00000000e0000000)
  object space 284672K, 33% used [0x00000000a0000000,0x00000000a5e0c3e0,0x00000000b1600000)
 Metaspace       used 127671K, capacity 130750K, committed 131160K, reserved 1161216K
  class space    used 18785K, capacity 19430K, committed 19544K, reserved 1048576K
}

