# JRE version: OpenJDK Runtime Environment (8.0_242-b01) (build 1.8.0_242-release-1644-b01)
# Java VM: OpenJDK 64-Bit Server VM (25.242-b01 mixed mode windows-amd64 compressed oops)
Heap:
 PSYoungGen      total 228352K, used 65560K [0x00000000e0000000, 0x00000000f2080000, 0x0000000100000000)
  eden space 189952K, 16% used [0x00000000e0000000,0x00000000e1e80660,0x00000000eb980000)
  from space 38400K, 89% used [0x00000000eb980000,0x00000000edb05b80,0x00000000edf00000)
  to   space 43008K, 0% used [0x00000000ef680000,0x00000000ef680000,0x00000000f2080000)
 ParOldGen       total 135168K, used 54567K [0x00000000a0000000, 0x00000000a8400000, 0x00000000e0000000)
  object space 135168K, 40% used [0x00000000a0000000,0x00000000a3549d10,0x00000000a8400000)
 Metaspace       used 74423K, capacity 77594K, committed 77696K, reserved 1116160K
  class space    used 9951K, capacity 10608K, committed 10624K, reserved 1048576K
GC Heap History (10 events):
Event: 37.566 GC heap before
{Heap before GC invocations=16 (full 3):
 PSYoungGen      total 158720K, used 141312K [0x00000000e0000000, 0x00000000eb280000, 0x0000000100000000)
  eden space 141312K, 100% used [0x00000000e0000000,0x00000000e8a00000,0x00000000e8a00000)
  from space 17408K, 0% used [0x00000000e9e00000,0x00000000e9e00000,0x00000000eaf00000)
  to   space 20480K, 0% used [0x00000000e8a00000,0x00000000e8a00000,0x00000000e9e00000)
 ParOldGen       total 135168K, used 34006K [0x00000000a0000000, 0x00000000a8400000, 0x00000000e0000000)
  object space 135168K, 25% used [0x00000000a0000000,0x00000000a2135938,0x00000000a8400000)
 Metaspace       used 59865K, capacity 61890K, committed 61952K, reserved 1101824K
  class space    used 8176K, capacity 8648K, committed 8704K, reserved 1048576K
Event: 37.588 GC heap after
Heap after GC invocations=16 (full 3):
 PSYoungGen      total 161792K, used 13109K [0x00000000e0000000, 0x00000000ecf80000, 0x0000000100000000)
  eden space 141312K, 0% used [0x00000000e0000000,0x00000000e0000000,0x00000000e8a00000)
  from space 20480K, 64% used [0x00000000e8a00000,0x00000000e96cd4e0,0x00000000e9e00000)
  to   space 20992K, 0% used [0x00000000ebb00000,0x00000000ebb00000,0x00000000ecf80000)
 ParOldGen       total 135168K, used 34014K [0x00000000a0000000, 0x00000000a8400000, 0x00000000e0000000)
  object space 135168K, 25% used [0x00000000a0000000,0x00000000a2137938,0x00000000a8400000)
 Metaspace       used 59865K, capacity 61890K, committed 61952K, reserved 1101824K
  class space    used 8176K, capacity 8648K, committed 8704K, reserved 1048576K
}
Event: 56.451 GC heap before
{Heap before GC invocations=17 (full 3):
 PSYoungGen      total 161792K, used 154421K [0x00000000e0000000, 0x00000000ecf80000, 0x0000000100000000)
  eden space 141312K, 100% used [0x00000000e0000000,0x00000000e8a00000,0x00000000e8a00000)
  from space 20480K, 64% used [0x00000000e8a00000,0x00000000e96cd4e0,0x00000000e9e00000)
  to   space 20992K, 0% used [0x00000000ebb00000,0x00000000ebb00000,0x00000000ecf80000)
 ParOldGen       total 135168K, used 34014K [0x00000000a0000000, 0x00000000a8400000, 0x00000000e0000000)
  object space 135168K, 25% used [0x00000000a0000000,0x00000000a2137938,0x00000000a8400000)
 Metaspace       used 64603K, capacity 66726K, committed 66816K, reserved 1107968K
  class space    used 8722K, capacity 9190K, committed 9216K, reserved 1048576K
Event: 56.660 GC heap after
Heap after GC invocations=17 (full 3):
 PSYoungGen      total 186880K, used 20977K [0x00000000e0000000, 0x00000000ed600000, 0x0000000100000000)
  eden space 165888K, 0% used [0x00000000e0000000,0x00000000e0000000,0x00000000ea200000)
  from space 20992K, 99% used [0x00000000ebb00000,0x00000000ecf7c6c0,0x00000000ecf80000)
  to   space 25600K, 0% used [0x00000000ea200000,0x00000000ea200000,0x00000000ebb00000)
 ParOldGen       total 135168K, used 39416K [0x00000000a0000000, 0x00000000a8400000, 0x00000000e0000000)
  object space 135168K, 29% used [0x00000000a0000000,0x00000000a267e388,0x00000000a8400000)
 Metaspace       used 64603K, capacity 66726K, committed 66816K, reserved 1107968K
  class space    used 8722K, capacity 9190K, committed 9216K, reserved 1048576K
}
Event: 84.856 GC heap before
{Heap before GC invocations=18 (full 3):
 PSYoungGen      total 186880K, used 186865K [0x00000000e0000000, 0x00000000ed600000, 0x0000000100000000)
  eden space 165888K, 100% used [0x00000000e0000000,0x00000000ea200000,0x00000000ea200000)
  from space 20992K, 99% used [0x00000000ebb00000,0x00000000ecf7c6c0,0x00000000ecf80000)
  to   space 25600K, 0% used [0x00000000ea200000,0x00000000ea200000,0x00000000ebb00000)
 ParOldGen       total 135168K, used 39416K [0x00000000a0000000, 0x00000000a8400000, 0x00000000e0000000)
  object space 135168K, 29% used [0x00000000a0000000,0x00000000a267e388,0x00000000a8400000)
 Metaspace       used 72751K, capacity 75438K, committed 75648K, reserved 1114112K
  class space    used 9770K, capacity 10352K, committed 10368K, reserved 1048576K
Event: 85.093 GC heap after
Heap after GC invocations=18 (full 3):
 PSYoungGen      total 191488K, used 25583K [0x00000000e0000000, 0x00000000f0100000, 0x0000000100000000)
  eden space 165888K, 0% used [0x00000000e0000000,0x00000000e0000000,0x00000000ea200000)
  from space 25600K, 99% used [0x00000000ea200000,0x00000000ebafbff0,0x00000000ebb00000)
  to   space 34816K, 0% used [0x00000000edf00000,0x00000000edf00000,0x00000000f0100000)
 ParOldGen       total 135168K, used 54567K [0x00000000a0000000, 0x00000000a8400000, 0x00000000e0000000)
  object space 135168K, 40% used [0x00000000a0000000,0x00000000a3549d10,0x00000000a8400000)
 Metaspace       used 72751K, capacity 75438K, committed 75648K, reserved 1114112K
  class space    used 9770K, capacity 10352K, committed 10368K, reserved 1048576K
}
Event: 108.913 GC heap before
{Heap before GC invocations=19 (full 3):
 PSYoungGen      total 191488K, used 191471K [0x00000000e0000000, 0x00000000f0100000, 0x0000000100000000)
  eden space 165888K, 100% used [0x00000000e0000000,0x00000000ea200000,0x00000000ea200000)
  from space 25600K, 99% used [0x00000000ea200000,0x00000000ebafbff0,0x00000000ebb00000)
  to   space 34816K, 0% used [0x00000000edf00000,0x00000000edf00000,0x00000000f0100000)
 ParOldGen       total 135168K, used 54567K [0x00000000a0000000, 0x00000000a8400000, 0x00000000e0000000)
  object space 135168K, 40% used [0x00000000a0000000,0x00000000a3549d10,0x00000000a8400000)
 Metaspace       used 74131K, capacity 77134K, committed 77440K, reserved 1116160K
  class space    used 9922K, capacity 10530K, committed 10624K, reserved 1048576K
Event: 109.148 GC heap after
Heap after GC invocations=19 (full 3):
 PSYoungGen      total 224768K, used 29458K [0x00000000e0000000, 0x00000000f0600000, 0x0000000100000000)
  eden space 189952K, 0% used [0x00000000e0000000,0x00000000e0000000,0x00000000eb980000)
  from space 34816K, 84% used [0x00000000edf00000,0x00000000efbc4a18,0x00000000f0100000)
  to   space 38400K, 0% used [0x00000000eb980000,0x00000000eb980000,0x00000000edf00000)
 ParOldGen       total 135168K, used 54567K [0x00000000a0000000, 0x00000000a8400000, 0x00000000e0000000)
  object space 135168K, 40% used [0x00000000a0000000,0x00000000a3549d10,0x00000000a8400000)
 Metaspace       used 74131K, capacity 77134K, committed 77440K, reserved 1116160K
  class space    used 9922K, capacity 10530K, committed 10624K, reserved 1048576K
}
Event: 128.759 GC heap before
{Heap before GC invocations=20 (full 3):
 PSYoungGen      total 224768K, used 219410K [0x00000000e0000000, 0x00000000f0600000, 0x0000000100000000)
  eden space 189952K, 100% used [0x00000000e0000000,0x00000000eb980000,0x00000000eb980000)
  from space 34816K, 84% used [0x00000000edf00000,0x00000000efbc4a18,0x00000000f0100000)
  to   space 38400K, 0% used [0x00000000eb980000,0x00000000eb980000,0x00000000edf00000)
 ParOldGen       total 135168K, used 54567K [0x00000000a0000000, 0x00000000a8400000, 0x00000000e0000000)
  object space 135168K, 40% used [0x00000000a0000000,0x00000000a3549d10,0x00000000a8400000)
 Metaspace       used 74392K, capacity 77492K, committed 77696K, reserved 1116160K
  class space    used 9946K, capacity 10575K, committed 10624K, reserved 1048576K
Event: 129.085 GC heap after
Heap after GC invocations=20 (full 3):
 PSYoungGen      total 228352K, used 34326K [0x00000000e0000000, 0x00000000f2080000, 0x0000000100000000)
  eden space 189952K, 0% used [0x00000000e0000000,0x00000000e0000000,0x00000000eb980000)
  from space 38400K, 89% used [0x00000000eb980000,0x00000000edb05b80,0x00000000edf00000)
  to   space 43008K, 0% used [0x00000000ef680000,0x00000000ef680000,0x00000000f2080000)
 ParOldGen       total 135168K, used 54567K [0x00000000a0000000, 0x00000000a8400000, 0x00000000e0000000)
  object space 135168K, 40% used [0x00000000a0000000,0x00000000a3549d10,0x00000000a8400000)
 Metaspace       used 74392K, capacity 77492K, committed 77696K, reserved 1116160K
  class space    used 9946K, capacity 10575K, committed 10624K, reserved 1048576K
}

