# JRE version: OpenJDK Runtime Environment (8.0_242-b01) (build 1.8.0_242-release-1644-b01)
# Java VM: OpenJDK 64-Bit Server VM (25.242-b01 mixed mode windows-amd64 compressed oops)
Heap:
 PSYoungGen      total 126464K, used 15443K [0x00000000e0000000, 0x00000000ebb00000, 0x0000000100000000)
  eden space 114688K, 13% used [0x00000000e0000000,0x00000000e0f14c38,0x00000000e7000000)
  from space 11776K, 0% used [0x00000000e7000000,0x00000000e7000000,0x00000000e7b80000)
  to   space 12288K, 0% used [0x00000000eaf00000,0x00000000eaf00000,0x00000000ebb00000)
 ParOldGen       total 77824K, used 16223K [0x00000000a0000000, 0x00000000a4c00000, 0x00000000e0000000)
  object space 77824K, 20% used [0x00000000a0000000,0x00000000a0fd7c48,0x00000000a4c00000)
 Metaspace       used 34984K, capacity 35910K, committed 36096K, reserved 1081344K
  class space    used 4802K, capacity 5036K, committed 5120K, reserved 1048576K
GC Heap History (10 events):
Event: 12.849 GC heap before
{Heap before GC invocations=7 (full 1):
 PSYoungGen      total 76800K, used 8554K [0x00000000e0000000, 0x00000000e5700000, 0x0000000100000000)
  eden space 66048K, 0% used [0x00000000e0000000,0x00000000e0000000,0x00000000e4080000)
  from space 10752K, 79% used [0x00000000e4b80000,0x00000000e53da918,0x00000000e5600000)
  to   space 11264K, 0% used [0x00000000e4080000,0x00000000e4080000,0x00000000e4b80000)
 ParOldGen       total 87552K, used 7363K [0x00000000a0000000, 0x00000000a5580000, 0x00000000e0000000)
  object space 87552K, 8% used [0x00000000a0000000,0x00000000a0730e48,0x00000000a5580000)
 Metaspace       used 20580K, capacity 21104K, committed 21296K, reserved 1067008K
  class space    used 2959K, capacity 3134K, committed 3200K, reserved 1048576K
Event: 12.901 GC heap after
Heap after GC invocations=7 (full 1):
 PSYoungGen      total 76800K, used 0K [0x00000000e0000000, 0x00000000e5700000, 0x0000000100000000)
  eden space 66048K, 0% used [0x00000000e0000000,0x00000000e0000000,0x00000000e4080000)
  from space 10752K, 0% used [0x00000000e4b80000,0x00000000e4b80000,0x00000000e5600000)
  to   space 11264K, 0% used [0x00000000e4080000,0x00000000e4080000,0x00000000e4b80000)
 ParOldGen       total 54272K, used 9192K [0x00000000a0000000, 0x00000000a3500000, 0x00000000e0000000)
  object space 54272K, 16% used [0x00000000a0000000,0x00000000a08fa390,0x00000000a3500000)
 Metaspace       used 20580K, capacity 21104K, committed 21296K, reserved 1067008K
  class space    used 2959K, capacity 3134K, committed 3200K, reserved 1048576K
}
Event: 16.201 GC heap before
{Heap before GC invocations=8 (full 1):
 PSYoungGen      total 76800K, used 66048K [0x00000000e0000000, 0x00000000e5700000, 0x0000000100000000)
  eden space 66048K, 100% used [0x00000000e0000000,0x00000000e4080000,0x00000000e4080000)
  from space 10752K, 0% used [0x00000000e4b80000,0x00000000e4b80000,0x00000000e5600000)
  to   space 11264K, 0% used [0x00000000e4080000,0x00000000e4080000,0x00000000e4b80000)
 ParOldGen       total 54272K, used 9192K [0x00000000a0000000, 0x00000000a3500000, 0x00000000e0000000)
  object space 54272K, 16% used [0x00000000a0000000,0x00000000a08fa390,0x00000000a3500000)
 Metaspace       used 29186K, capacity 29830K, committed 30336K, reserved 1075200K
  class space    used 3926K, capacity 4136K, committed 4224K, reserved 1048576K
Event: 16.220 GC heap after
Heap after GC invocations=8 (full 1):
 PSYoungGen      total 77312K, used 8330K [0x00000000e0000000, 0x00000000e8800000, 0x0000000100000000)
  eden space 66048K, 0% used [0x00000000e0000000,0x00000000e0000000,0x00000000e4080000)
  from space 11264K, 73% used [0x00000000e4080000,0x00000000e48a2820,0x00000000e4b80000)
  to   space 11776K, 0% used [0x00000000e7c80000,0x00000000e7c80000,0x00000000e8800000)
 ParOldGen       total 54272K, used 9200K [0x00000000a0000000, 0x00000000a3500000, 0x00000000e0000000)
  object space 54272K, 16% used [0x00000000a0000000,0x00000000a08fc390,0x00000000a3500000)
 Metaspace       used 29186K, capacity 29830K, committed 30336K, reserved 1075200K
  class space    used 3926K, capacity 4136K, committed 4224K, reserved 1048576K
}
Event: 19.391 GC heap before
{Heap before GC invocations=9 (full 1):
 PSYoungGen      total 77312K, used 74378K [0x00000000e0000000, 0x00000000e8800000, 0x0000000100000000)
  eden space 66048K, 100% used [0x00000000e0000000,0x00000000e4080000,0x00000000e4080000)
  from space 11264K, 73% used [0x00000000e4080000,0x00000000e48a2820,0x00000000e4b80000)
  to   space 11776K, 0% used [0x00000000e7c80000,0x00000000e7c80000,0x00000000e8800000)
 ParOldGen       total 54272K, used 9200K [0x00000000a0000000, 0x00000000a3500000, 0x00000000e0000000)
  object space 54272K, 16% used [0x00000000a0000000,0x00000000a08fc390,0x00000000a3500000)
 Metaspace       used 32075K, capacity 32810K, committed 33152K, reserved 1077248K
  class space    used 4394K, capacity 4660K, committed 4736K, reserved 1048576K
Event: 19.415 GC heap after
Heap after GC invocations=9 (full 1):
 PSYoungGen      total 125440K, used 8657K [0x00000000e0000000, 0x00000000e8700000, 0x0000000100000000)
  eden space 114688K, 0% used [0x00000000e0000000,0x00000000e0000000,0x00000000e7000000)
  from space 10752K, 80% used [0x00000000e7c80000,0x00000000e84f4640,0x00000000e8700000)
  to   space 11776K, 0% used [0x00000000e7000000,0x00000000e7000000,0x00000000e7b80000)
 ParOldGen       total 54272K, used 9208K [0x00000000a0000000, 0x00000000a3500000, 0x00000000e0000000)
  object space 54272K, 16% used [0x00000000a0000000,0x00000000a08fe390,0x00000000a3500000)
 Metaspace       used 32075K, capacity 32810K, committed 33152K, reserved 1077248K
  class space    used 4394K, capacity 4660K, committed 4736K, reserved 1048576K
}
Event: 20.495 GC heap before
{Heap before GC invocations=10 (full 1):
 PSYoungGen      total 125440K, used 60878K [0x00000000e0000000, 0x00000000e8700000, 0x0000000100000000)
  eden space 114688K, 45% used [0x00000000e0000000,0x00000000e32ff578,0x00000000e7000000)
  from space 10752K, 80% used [0x00000000e7c80000,0x00000000e84f4640,0x00000000e8700000)
  to   space 11776K, 0% used [0x00000000e7000000,0x00000000e7000000,0x00000000e7b80000)
 ParOldGen       total 54272K, used 9208K [0x00000000a0000000, 0x00000000a3500000, 0x00000000e0000000)
  object space 54272K, 16% used [0x00000000a0000000,0x00000000a08fe390,0x00000000a3500000)
 Metaspace       used 34531K, capacity 35380K, committed 35456K, reserved 1079296K
  class space    used 4734K, capacity 4989K, committed 4992K, reserved 1048576K
Event: 20.512 GC heap after
Heap after GC invocations=10 (full 1):
 PSYoungGen      total 126464K, used 9600K [0x00000000e0000000, 0x00000000ebb00000, 0x0000000100000000)
  eden space 114688K, 0% used [0x00000000e0000000,0x00000000e0000000,0x00000000e7000000)
  from space 11776K, 81% used [0x00000000e7000000,0x00000000e79602b0,0x00000000e7b80000)
  to   space 12288K, 0% used [0x00000000eaf00000,0x00000000eaf00000,0x00000000ebb00000)
 ParOldGen       total 54272K, used 9216K [0x00000000a0000000, 0x00000000a3500000, 0x00000000e0000000)
  object space 54272K, 16% used [0x00000000a0000000,0x00000000a0900390,0x00000000a3500000)
 Metaspace       used 34531K, capacity 35380K, committed 35456K, reserved 1079296K
  class space    used 4734K, capacity 4989K, committed 4992K, reserved 1048576K
}
Event: 20.512 GC heap before
{Heap before GC invocations=11 (full 2):
 PSYoungGen      total 126464K, used 9600K [0x00000000e0000000, 0x00000000ebb00000, 0x0000000100000000)
  eden space 114688K, 0% used [0x00000000e0000000,0x00000000e0000000,0x00000000e7000000)
  from space 11776K, 81% used [0x00000000e7000000,0x00000000e79602b0,0x00000000e7b80000)
  to   space 12288K, 0% used [0x00000000eaf00000,0x00000000eaf00000,0x00000000ebb00000)
 ParOldGen       total 54272K, used 9216K [0x00000000a0000000, 0x00000000a3500000, 0x00000000e0000000)
  object space 54272K, 16% used [0x00000000a0000000,0x00000000a0900390,0x00000000a3500000)
 Metaspace       used 34531K, capacity 35380K, committed 35456K, reserved 1079296K
  class space    used 4734K, capacity 4989K, committed 4992K, reserved 1048576K
Event: 20.605 GC heap after
Heap after GC invocations=11 (full 2):
 PSYoungGen      total 126464K, used 0K [0x00000000e0000000, 0x00000000ebb00000, 0x0000000100000000)
  eden space 114688K, 0% used [0x00000000e0000000,0x00000000e0000000,0x00000000e7000000)
  from space 11776K, 0% used [0x00000000e7000000,0x00000000e7000000,0x00000000e7b80000)
  to   space 12288K, 0% used [0x00000000eaf00000,0x00000000eaf00000,0x00000000ebb00000)
 ParOldGen       total 77824K, used 16223K [0x00000000a0000000, 0x00000000a4c00000, 0x00000000e0000000)
  object space 77824K, 20% used [0x00000000a0000000,0x00000000a0fd7c48,0x00000000a4c00000)
 Metaspace       used 34525K, capacity 35362K, committed 35456K, reserved 1079296K
  class space    used 4732K, capacity 4986K, committed 4992K, reserved 1048576K
}

