# JRE version: OpenJDK Runtime Environment (8.0_242-b01) (build 1.8.0_242-release-1644-b01)
# Java VM: OpenJDK 64-Bit Server VM (25.242-b01 mixed mode windows-amd64 compressed oops)
Heap:
 PSYoungGen      total 385024K, used 294290K [0x00000000e0000000, 0x00000000fbf80000, 0x0000000100000000)
  eden space 352256K, 75% used [0x00000000e0000000,0x00000000f0352b90,0x00000000f5800000)
  from space 32768K, 87% used [0x00000000f5800000,0x00000000f7411cb8,0x00000000f7800000)
  to   space 36352K, 0% used [0x00000000f9c00000,0x00000000f9c00000,0x00000000fbf80000)
 ParOldGen       total 119808K, used 77891K [0x00000000a0000000, 0x00000000a7500000, 0x00000000e0000000)
  object space 119808K, 65% used [0x00000000a0000000,0x00000000a4c10e20,0x00000000a7500000)
 Metaspace       used 83606K, capacity 87714K, committed 87808K, reserved 1126400K
  class space    used 10937K, capacity 11752K, committed 11776K, reserved 1048576K
GC Heap History (10 events):
Event: 78.178 GC heap before
{Heap before GC invocations=18 (full 3):
 PSYoungGen      total 292864K, used 265200K [0x00000000e0000000, 0x00000000f5080000, 0x0000000100000000)
  eden space 261632K, 100% used [0x00000000e0000000,0x00000000eff80000,0x00000000eff80000)
  from space 31232K, 11% used [0x00000000f1e00000,0x00000000f217c070,0x00000000f3c80000)
  to   space 31232K, 0% used [0x00000000eff80000,0x00000000eff80000,0x00000000f1e00000)
 ParOldGen       total 119808K, used 77851K [0x00000000a0000000, 0x00000000a7500000, 0x00000000e0000000)
  object space 119808K, 64% used [0x00000000a0000000,0x00000000a4c06e20,0x00000000a7500000)
 Metaspace       used 69385K, capacity 72530K, committed 72832K, reserved 1112064K
  class space    used 9389K, capacity 10048K, committed 10112K, reserved 1048576K
Event: 78.305 GC heap after
Heap after GC invocations=18 (full 3):
 PSYoungGen      total 292864K, used 7040K [0x00000000e0000000, 0x00000000f7580000, 0x0000000100000000)
  eden space 261632K, 0% used [0x00000000e0000000,0x00000000e0000000,0x00000000eff80000)
  from space 31232K, 22% used [0x00000000eff80000,0x00000000f0660090,0x00000000f1e00000)
  to   space 30208K, 0% used [0x00000000f5800000,0x00000000f5800000,0x00000000f7580000)
 ParOldGen       total 119808K, used 77859K [0x00000000a0000000, 0x00000000a7500000, 0x00000000e0000000)
  object space 119808K, 64% used [0x00000000a0000000,0x00000000a4c08e20,0x00000000a7500000)
 Metaspace       used 69385K, capacity 72530K, committed 72832K, reserved 1112064K
  class space    used 9389K, capacity 10048K, committed 10112K, reserved 1048576K
}
Event: 82.853 GC heap before
{Heap before GC invocations=19 (full 3):
 PSYoungGen      total 292864K, used 268672K [0x00000000e0000000, 0x00000000f7580000, 0x0000000100000000)
  eden space 261632K, 100% used [0x00000000e0000000,0x00000000eff80000,0x00000000eff80000)
  from space 31232K, 22% used [0x00000000eff80000,0x00000000f0660090,0x00000000f1e00000)
  to   space 30208K, 0% used [0x00000000f5800000,0x00000000f5800000,0x00000000f7580000)
 ParOldGen       total 119808K, used 77859K [0x00000000a0000000, 0x00000000a7500000, 0x00000000e0000000)
  object space 119808K, 64% used [0x00000000a0000000,0x00000000a4c08e20,0x00000000a7500000)
 Metaspace       used 69595K, capacity 72706K, committed 72832K, reserved 1112064K
  class space    used 9411K, capacity 10056K, committed 10112K, reserved 1048576K
Event: 82.889 GC heap after
Heap after GC invocations=19 (full 3):
 PSYoungGen      total 335872K, used 11952K [0x00000000e0000000, 0x00000000f6b80000, 0x0000000100000000)
  eden space 315904K, 0% used [0x00000000e0000000,0x00000000e0000000,0x00000000f3480000)
  from space 19968K, 59% used [0x00000000f5800000,0x00000000f63ac090,0x00000000f6b80000)
  to   space 28160K, 0% used [0x00000000f3480000,0x00000000f3480000,0x00000000f5000000)
 ParOldGen       total 119808K, used 77867K [0x00000000a0000000, 0x00000000a7500000, 0x00000000e0000000)
  object space 119808K, 64% used [0x00000000a0000000,0x00000000a4c0ae20,0x00000000a7500000)
 Metaspace       used 69595K, capacity 72706K, committed 72832K, reserved 1112064K
  class space    used 9411K, capacity 10056K, committed 10112K, reserved 1048576K
}
Event: 125.141 GC heap before
{Heap before GC invocations=20 (full 3):
 PSYoungGen      total 335872K, used 327856K [0x00000000e0000000, 0x00000000f6b80000, 0x0000000100000000)
  eden space 315904K, 100% used [0x00000000e0000000,0x00000000f3480000,0x00000000f3480000)
  from space 19968K, 59% used [0x00000000f5800000,0x00000000f63ac090,0x00000000f6b80000)
  to   space 28160K, 0% used [0x00000000f3480000,0x00000000f3480000,0x00000000f5000000)
 ParOldGen       total 119808K, used 77867K [0x00000000a0000000, 0x00000000a7500000, 0x00000000e0000000)
  object space 119808K, 64% used [0x00000000a0000000,0x00000000a4c0ae20,0x00000000a7500000)
 Metaspace       used 70977K, capacity 74232K, committed 74368K, reserved 1114112K
  class space    used 9596K, capacity 10267K, committed 10368K, reserved 1048576K
Event: 125.873 GC heap after
Heap after GC invocations=20 (full 3):
 PSYoungGen      total 344064K, used 22367K [0x00000000e0000000, 0x00000000f9b80000, 0x0000000100000000)
  eden space 315904K, 0% used [0x00000000e0000000,0x00000000e0000000,0x00000000f3480000)
  from space 28160K, 79% used [0x00000000f3480000,0x00000000f4a57d98,0x00000000f5000000)
  to   space 30720K, 0% used [0x00000000f7d80000,0x00000000f7d80000,0x00000000f9b80000)
 ParOldGen       total 119808K, used 77875K [0x00000000a0000000, 0x00000000a7500000, 0x00000000e0000000)
  object space 119808K, 65% used [0x00000000a0000000,0x00000000a4c0ce20,0x00000000a7500000)
 Metaspace       used 70977K, capacity 74232K, committed 74368K, reserved 1114112K
  class space    used 9596K, capacity 10267K, committed 10368K, reserved 1048576K
}
Event: 666.678 GC heap before
{Heap before GC invocations=21 (full 3):
 PSYoungGen      total 344064K, used 338271K [0x00000000e0000000, 0x00000000f9b80000, 0x0000000100000000)
  eden space 315904K, 100% used [0x00000000e0000000,0x00000000f3480000,0x00000000f3480000)
  from space 28160K, 79% used [0x00000000f3480000,0x00000000f4a57d98,0x00000000f5000000)
  to   space 30720K, 0% used [0x00000000f7d80000,0x00000000f7d80000,0x00000000f9b80000)
 ParOldGen       total 119808K, used 77875K [0x00000000a0000000, 0x00000000a7500000, 0x00000000e0000000)
  object space 119808K, 65% used [0x00000000a0000000,0x00000000a4c0ce20,0x00000000a7500000)
 Metaspace       used 80466K, capacity 84216K, committed 84480K, reserved 1122304K
  class space    used 10672K, capacity 11407K, committed 11520K, reserved 1048576K
Event: 666.722 GC heap after
Heap after GC invocations=21 (full 3):
 PSYoungGen      total 379392K, used 22915K [0x00000000e0000000, 0x00000000f9800000, 0x0000000100000000)
  eden space 352256K, 0% used [0x00000000e0000000,0x00000000e0000000,0x00000000f5800000)
  from space 27136K, 84% used [0x00000000f7d80000,0x00000000f93e0cd0,0x00000000f9800000)
  to   space 32768K, 0% used [0x00000000f5800000,0x00000000f5800000,0x00000000f7800000)
 ParOldGen       total 119808K, used 77883K [0x00000000a0000000, 0x00000000a7500000, 0x00000000e0000000)
  object space 119808K, 65% used [0x00000000a0000000,0x00000000a4c0ee20,0x00000000a7500000)
 Metaspace       used 80466K, capacity 84216K, committed 84480K, reserved 1122304K
  class space    used 10672K, capacity 11407K, committed 11520K, reserved 1048576K
}
Event: 724.053 GC heap before
{Heap before GC invocations=22 (full 3):
 PSYoungGen      total 379392K, used 375171K [0x00000000e0000000, 0x00000000f9800000, 0x0000000100000000)
  eden space 352256K, 100% used [0x00000000e0000000,0x00000000f5800000,0x00000000f5800000)
  from space 27136K, 84% used [0x00000000f7d80000,0x00000000f93e0cd0,0x00000000f9800000)
  to   space 32768K, 0% used [0x00000000f5800000,0x00000000f5800000,0x00000000f7800000)
 ParOldGen       total 119808K, used 77883K [0x00000000a0000000, 0x00000000a7500000, 0x00000000e0000000)
  object space 119808K, 65% used [0x00000000a0000000,0x00000000a4c0ee20,0x00000000a7500000)
 Metaspace       used 83259K, capacity 87368K, committed 87552K, reserved 1124352K
  class space    used 10929K, capacity 11739K, committed 11776K, reserved 1048576K
Event: 724.114 GC heap after
Heap after GC invocations=22 (full 3):
 PSYoungGen      total 385024K, used 28743K [0x00000000e0000000, 0x00000000fbf80000, 0x0000000100000000)
  eden space 352256K, 0% used [0x00000000e0000000,0x00000000e0000000,0x00000000f5800000)
  from space 32768K, 87% used [0x00000000f5800000,0x00000000f7411cb8,0x00000000f7800000)
  to   space 36352K, 0% used [0x00000000f9c00000,0x00000000f9c00000,0x00000000fbf80000)
 ParOldGen       total 119808K, used 77891K [0x00000000a0000000, 0x00000000a7500000, 0x00000000e0000000)
  object space 119808K, 65% used [0x00000000a0000000,0x00000000a4c10e20,0x00000000a7500000)
 Metaspace       used 83259K, capacity 87368K, committed 87552K, reserved 1124352K
  class space    used 10929K, capacity 11739K, committed 11776K, reserved 1048576K
}

