# JRE version: OpenJDK Runtime Environment (8.0_242-b01) (build 1.8.0_242-release-1644-b01)
# Java VM: OpenJDK 64-Bit Server VM (25.242-b01 mixed mode windows-amd64 compressed oops)
Heap:
 PSYoungGen      total 338432K, used 114122K [0x00000000e0000000, 0x00000000fb300000, 0x0000000100000000)
  eden space 247808K, 14% used [0x00000000e0000000,0x00000000e240db18,0x00000000ef200000)
  from space 90624K, 85% used [0x00000000f5a80000,0x00000000fa5e4d50,0x00000000fb300000)
  to   space 79872K, 0% used [0x00000000ef200000,0x00000000ef200000,0x00000000f4000000)
 ParOldGen       total 235520K, used 77291K [0x00000000a0000000, 0x00000000ae600000, 0x00000000e0000000)
  object space 235520K, 32% used [0x00000000a0000000,0x00000000a4b7acf0,0x00000000ae600000)
 Metaspace       used 123932K, capacity 127808K, committed 128000K, reserved 1157120K
  class space    used 18929K, capacity 19707K, committed 19712K, reserved 1048576K
GC Heap History (10 events):
Event: 4982.917 GC heap before
{Heap before GC invocations=36 (full 4):
 PSYoungGen      total 291840K, used 243296K [0x00000000e0000000, 0x00000000f6380000, 0x0000000100000000)
  eden space 230912K, 100% used [0x00000000e0000000,0x00000000ee180000,0x00000000ee180000)
  from space 60928K, 20% used [0x00000000ee180000,0x00000000eed98050,0x00000000f1d00000)
  to   space 59392K, 0% used [0x00000000f2980000,0x00000000f2980000,0x00000000f6380000)
 ParOldGen       total 235520K, used 68828K [0x00000000a0000000, 0x00000000ae600000, 0x00000000e0000000)
  object space 235520K, 29% used [0x00000000a0000000,0x00000000a4337158,0x00000000ae600000)
 Metaspace       used 117171K, capacity 121014K, committed 121216K, reserved 1153024K
  class space    used 17684K, capacity 18478K, committed 18560K, reserved 1048576K
Event: 4982.988 GC heap after
Heap after GC invocations=36 (full 4):
 PSYoungGen      total 294400K, used 27055K [0x00000000e0000000, 0x00000000f5c00000, 0x0000000100000000)
  eden space 242688K, 0% used [0x00000000e0000000,0x00000000e0000000,0x00000000eed00000)
  from space 51712K, 52% used [0x00000000f2980000,0x00000000f43ebe18,0x00000000f5c00000)
  to   space 56832K, 0% used [0x00000000eed00000,0x00000000eed00000,0x00000000f2480000)
 ParOldGen       total 235520K, used 68836K [0x00000000a0000000, 0x00000000ae600000, 0x00000000e0000000)
  object space 235520K, 29% used [0x00000000a0000000,0x00000000a4339158,0x00000000ae600000)
 Metaspace       used 117171K, capacity 121014K, committed 121216K, reserved 1153024K
  class space    used 17684K, capacity 18478K, committed 18560K, reserved 1048576K
}
Event: 4993.776 GC heap before
{Heap before GC invocations=37 (full 4):
 PSYoungGen      total 294400K, used 269743K [0x00000000e0000000, 0x00000000f5c00000, 0x0000000100000000)
  eden space 242688K, 100% used [0x00000000e0000000,0x00000000eed00000,0x00000000eed00000)
  from space 51712K, 52% used [0x00000000f2980000,0x00000000f43ebe18,0x00000000f5c00000)
  to   space 56832K, 0% used [0x00000000eed00000,0x00000000eed00000,0x00000000f2480000)
 ParOldGen       total 235520K, used 68836K [0x00000000a0000000, 0x00000000ae600000, 0x00000000e0000000)
  object space 235520K, 29% used [0x00000000a0000000,0x00000000a4339158,0x00000000ae600000)
 Metaspace       used 122717K, capacity 126606K, committed 126720K, reserved 1157120K
  class space    used 18901K, capacity 19698K, committed 19712K, reserved 1048576K
Event: 4994.301 GC heap after
Heap after GC invocations=37 (full 4):
 PSYoungGen      total 299520K, used 56816K [0x00000000e0000000, 0x00000000f8200000, 0x0000000100000000)
  eden space 242688K, 0% used [0x00000000e0000000,0x00000000e0000000,0x00000000eed00000)
  from space 56832K, 99% used [0x00000000eed00000,0x00000000f247c030,0x00000000f2480000)
  to   space 67584K, 0% used [0x00000000f4000000,0x00000000f4000000,0x00000000f8200000)
 ParOldGen       total 235520K, used 73534K [0x00000000a0000000, 0x00000000ae600000, 0x00000000e0000000)
  object space 235520K, 31% used [0x00000000a0000000,0x00000000a47cfbb8,0x00000000ae600000)
 Metaspace       used 122717K, capacity 126606K, committed 126720K, reserved 1157120K
  class space    used 18901K, capacity 19698K, committed 19712K, reserved 1048576K
}
Event: 4998.950 GC heap before
{Heap before GC invocations=38 (full 4):
 PSYoungGen      total 299520K, used 299504K [0x00000000e0000000, 0x00000000f8200000, 0x0000000100000000)
  eden space 242688K, 100% used [0x00000000e0000000,0x00000000eed00000,0x00000000eed00000)
  from space 56832K, 99% used [0x00000000eed00000,0x00000000f247c030,0x00000000f2480000)
  to   space 67584K, 0% used [0x00000000f4000000,0x00000000f4000000,0x00000000f8200000)
 ParOldGen       total 235520K, used 73534K [0x00000000a0000000, 0x00000000ae600000, 0x00000000e0000000)
  object space 235520K, 31% used [0x00000000a0000000,0x00000000a47cfbb8,0x00000000ae600000)
 Metaspace       used 122740K, capacity 126606K, committed 126720K, reserved 1157120K
  class space    used 18901K, capacity 19698K, committed 19712K, reserved 1048576K
Event: 4999.054 GC heap after
Heap after GC invocations=38 (full 4):
 PSYoungGen      total 315392K, used 67562K [0x00000000e0000000, 0x00000000f9a80000, 0x0000000100000000)
  eden space 247808K, 0% used [0x00000000e0000000,0x00000000e0000000,0x00000000ef200000)
  from space 67584K, 99% used [0x00000000f4000000,0x00000000f81fa918,0x00000000f8200000)
  to   space 79872K, 0% used [0x00000000ef200000,0x00000000ef200000,0x00000000f4000000)
 ParOldGen       total 235520K, used 77275K [0x00000000a0000000, 0x00000000ae600000, 0x00000000e0000000)
  object space 235520K, 32% used [0x00000000a0000000,0x00000000a4b76cf0,0x00000000ae600000)
 Metaspace       used 122740K, capacity 126606K, committed 126720K, reserved 1157120K
  class space    used 18901K, capacity 19698K, committed 19712K, reserved 1048576K
}
Event: 5010.366 GC heap before
{Heap before GC invocations=39 (full 4):
 PSYoungGen      total 315392K, used 315370K [0x00000000e0000000, 0x00000000f9a80000, 0x0000000100000000)
  eden space 247808K, 100% used [0x00000000e0000000,0x00000000ef200000,0x00000000ef200000)
  from space 67584K, 99% used [0x00000000f4000000,0x00000000f81fa918,0x00000000f8200000)
  to   space 79872K, 0% used [0x00000000ef200000,0x00000000ef200000,0x00000000f4000000)
 ParOldGen       total 235520K, used 77275K [0x00000000a0000000, 0x00000000ae600000, 0x00000000e0000000)
  object space 235520K, 32% used [0x00000000a0000000,0x00000000a4b76cf0,0x00000000ae600000)
 Metaspace       used 122837K, capacity 126708K, committed 126976K, reserved 1157120K
  class space    used 18906K, capacity 19703K, committed 19712K, reserved 1048576K
Event: 5010.478 GC heap after
Heap after GC invocations=39 (full 4):
 PSYoungGen      total 327680K, used 74026K [0x00000000e0000000, 0x00000000fb300000, 0x0000000100000000)
  eden space 247808K, 0% used [0x00000000e0000000,0x00000000e0000000,0x00000000ef200000)
  from space 79872K, 92% used [0x00000000ef200000,0x00000000f3a4a880,0x00000000f4000000)
  to   space 90624K, 0% used [0x00000000f5a80000,0x00000000f5a80000,0x00000000fb300000)
 ParOldGen       total 235520K, used 77283K [0x00000000a0000000, 0x00000000ae600000, 0x00000000e0000000)
  object space 235520K, 32% used [0x00000000a0000000,0x00000000a4b78cf0,0x00000000ae600000)
 Metaspace       used 122837K, capacity 126708K, committed 126976K, reserved 1157120K
  class space    used 18906K, capacity 19703K, committed 19712K, reserved 1048576K
}
Event: 5018.563 GC heap before
{Heap before GC invocations=40 (full 4):
 PSYoungGen      total 327680K, used 321834K [0x00000000e0000000, 0x00000000fb300000, 0x0000000100000000)
  eden space 247808K, 100% used [0x00000000e0000000,0x00000000ef200000,0x00000000ef200000)
  from space 79872K, 92% used [0x00000000ef200000,0x00000000f3a4a880,0x00000000f4000000)
  to   space 90624K, 0% used [0x00000000f5a80000,0x00000000f5a80000,0x00000000fb300000)
 ParOldGen       total 235520K, used 77283K [0x00000000a0000000, 0x00000000ae600000, 0x00000000e0000000)
  object space 235520K, 32% used [0x00000000a0000000,0x00000000a4b78cf0,0x00000000ae600000)
 Metaspace       used 123911K, capacity 127804K, committed 128000K, reserved 1157120K
  class space    used 18929K, capacity 19707K, committed 19712K, reserved 1048576K
Event: 5019.136 GC heap after
Heap after GC invocations=40 (full 4):
 PSYoungGen      total 338432K, used 77203K [0x00000000e0000000, 0x00000000fb300000, 0x0000000100000000)
  eden space 247808K, 0% used [0x00000000e0000000,0x00000000e0000000,0x00000000ef200000)
  from space 90624K, 85% used [0x00000000f5a80000,0x00000000fa5e4d50,0x00000000fb300000)
  to   space 79872K, 0% used [0x00000000ef200000,0x00000000ef200000,0x00000000f4000000)
 ParOldGen       total 235520K, used 77291K [0x00000000a0000000, 0x00000000ae600000, 0x00000000e0000000)
  object space 235520K, 32% used [0x00000000a0000000,0x00000000a4b7acf0,0x00000000ae600000)
 Metaspace       used 123911K, capacity 127804K, committed 128000K, reserved 1157120K
  class space    used 18929K, capacity 19707K, committed 19712K, reserved 1048576K
}

