# JRE version: OpenJDK Runtime Environment (8.0_242-b01) (build 1.8.0_242-release-1644-b01)
# Java VM: OpenJDK 64-Bit Server VM (25.242-b01 mixed mode windows-amd64 compressed oops)
Heap:
 PSYoungGen      total 327168K, used 21020K [0x00000000e0000000, 0x00000000f6e00000, 0x0000000100000000)
  eden space 303104K, 6% used [0x00000000e0000000,0x00000000e1487238,0x00000000f2800000)
  from space 24064K, 0% used [0x00000000f4180000,0x00000000f4180000,0x00000000f5900000)
  to   space 26112K, 0% used [0x00000000f2800000,0x00000000f2800000,0x00000000f4180000)
 ParOldGen       total 138752K, used 33735K [0x00000000a0000000, 0x00000000a8780000, 0x00000000e0000000)
  object space 138752K, 24% used [0x00000000a0000000,0x00000000a20f1f70,0x00000000a8780000)
 Metaspace       used 57978K, capacity 60046K, committed 60288K, reserved 1101824K
  class space    used 8006K, capacity 8492K, committed 8576K, reserved 1048576K
GC Heap History (10 events):
Event: 16.202 GC heap before
{Heap before GC invocations=7 (full 1):
 PSYoungGen      total 138240K, used 54947K [0x00000000e0000000, 0x00000000ef980000, 0x0000000100000000)
  eden space 133120K, 37% used [0x00000000e0000000,0x00000000e30a8fb0,0x00000000e8200000)
  from space 5120K, 100% used [0x00000000e8200000,0x00000000e8700000,0x00000000e8700000)
  to   space 16896K, 0% used [0x00000000ee900000,0x00000000ee900000,0x00000000ef980000)
 ParOldGen       total 64512K, used 19891K [0x00000000a0000000, 0x00000000a3f00000, 0x00000000e0000000)
  object space 64512K, 30% used [0x00000000a0000000,0x00000000a136ce80,0x00000000a3f00000)
 Metaspace       used 34583K, capacity 35360K, committed 35456K, reserved 1079296K
  class space    used 4736K, capacity 4957K, committed 4992K, reserved 1048576K
Event: 16.218 GC heap after
Heap after GC invocations=7 (full 1):
 PSYoungGen      total 227328K, used 9070K [0x00000000e0000000, 0x00000000ef300000, 0x0000000100000000)
  eden space 217088K, 0% used [0x00000000e0000000,0x00000000e0000000,0x00000000ed400000)
  from space 10240K, 88% used [0x00000000ee900000,0x00000000ef1dbba0,0x00000000ef300000)
  to   space 15872K, 0% used [0x00000000ed400000,0x00000000ed400000,0x00000000ee380000)
 ParOldGen       total 64512K, used 19899K [0x00000000a0000000, 0x00000000a3f00000, 0x00000000e0000000)
  object space 64512K, 30% used [0x00000000a0000000,0x00000000a136ee80,0x00000000a3f00000)
 Metaspace       used 34583K, capacity 35360K, committed 35456K, reserved 1079296K
  class space    used 4736K, capacity 4957K, committed 4992K, reserved 1048576K
}
Event: 16.218 GC heap before
{Heap before GC invocations=8 (full 2):
 PSYoungGen      total 227328K, used 9070K [0x00000000e0000000, 0x00000000ef300000, 0x0000000100000000)
  eden space 217088K, 0% used [0x00000000e0000000,0x00000000e0000000,0x00000000ed400000)
  from space 10240K, 88% used [0x00000000ee900000,0x00000000ef1dbba0,0x00000000ef300000)
  to   space 15872K, 0% used [0x00000000ed400000,0x00000000ed400000,0x00000000ee380000)
 ParOldGen       total 64512K, used 19899K [0x00000000a0000000, 0x00000000a3f00000, 0x00000000e0000000)
  object space 64512K, 30% used [0x00000000a0000000,0x00000000a136ee80,0x00000000a3f00000)
 Metaspace       used 34583K, capacity 35360K, committed 35456K, reserved 1079296K
  class space    used 4736K, capacity 4957K, committed 4992K, reserved 1048576K
Event: 16.367 GC heap after
Heap after GC invocations=8 (full 2):
 PSYoungGen      total 227328K, used 0K [0x00000000e0000000, 0x00000000ef300000, 0x0000000100000000)
  eden space 217088K, 0% used [0x00000000e0000000,0x00000000e0000000,0x00000000ed400000)
  from space 10240K, 0% used [0x00000000ee900000,0x00000000ee900000,0x00000000ef300000)
  to   space 15872K, 0% used [0x00000000ed400000,0x00000000ed400000,0x00000000ee380000)
 ParOldGen       total 95744K, used 16482K [0x00000000a0000000, 0x00000000a5d80000, 0x00000000e0000000)
  object space 95744K, 17% used [0x00000000a0000000,0x00000000a1018aa8,0x00000000a5d80000)
 Metaspace       used 34578K, capacity 35342K, committed 35456K, reserved 1079296K
  class space    used 4734K, capacity 4954K, committed 4992K, reserved 1048576K
}
Event: 27.864 GC heap before
{Heap before GC invocations=9 (full 2):
 PSYoungGen      total 227328K, used 217088K [0x00000000e0000000, 0x00000000ef300000, 0x0000000100000000)
  eden space 217088K, 100% used [0x00000000e0000000,0x00000000ed400000,0x00000000ed400000)
  from space 10240K, 0% used [0x00000000ee900000,0x00000000ee900000,0x00000000ef300000)
  to   space 15872K, 0% used [0x00000000ed400000,0x00000000ed400000,0x00000000ee380000)
 ParOldGen       total 95744K, used 16482K [0x00000000a0000000, 0x00000000a5d80000, 0x00000000e0000000)
  object space 95744K, 17% used [0x00000000a0000000,0x00000000a1018aa8,0x00000000a5d80000)
 Metaspace       used 53560K, capacity 55234K, committed 55424K, reserved 1097728K
  class space    used 7327K, capacity 7742K, committed 7808K, reserved 1048576K
Event: 27.908 GC heap after
Heap after GC invocations=9 (full 2):
 PSYoungGen      total 232960K, used 15861K [0x00000000e0000000, 0x00000000f5900000, 0x0000000100000000)
  eden space 217088K, 0% used [0x00000000e0000000,0x00000000e0000000,0x00000000ed400000)
  from space 15872K, 99% used [0x00000000ed400000,0x00000000ee37d788,0x00000000ee380000)
  to   space 24064K, 0% used [0x00000000f4180000,0x00000000f4180000,0x00000000f5900000)
 ParOldGen       total 95744K, used 26728K [0x00000000a0000000, 0x00000000a5d80000, 0x00000000e0000000)
  object space 95744K, 27% used [0x00000000a0000000,0x00000000a1a1a180,0x00000000a5d80000)
 Metaspace       used 53560K, capacity 55234K, committed 55424K, reserved 1097728K
  class space    used 7327K, capacity 7742K, committed 7808K, reserved 1048576K
}
Event: 29.260 GC heap before
{Heap before GC invocations=10 (full 2):
 PSYoungGen      total 232960K, used 82175K [0x00000000e0000000, 0x00000000f5900000, 0x0000000100000000)
  eden space 217088K, 30% used [0x00000000e0000000,0x00000000e40c25c8,0x00000000ed400000)
  from space 15872K, 99% used [0x00000000ed400000,0x00000000ee37d788,0x00000000ee380000)
  to   space 24064K, 0% used [0x00000000f4180000,0x00000000f4180000,0x00000000f5900000)
 ParOldGen       total 95744K, used 26728K [0x00000000a0000000, 0x00000000a5d80000, 0x00000000e0000000)
  object space 95744K, 27% used [0x00000000a0000000,0x00000000a1a1a180,0x00000000a5d80000)
 Metaspace       used 57208K, capacity 59014K, committed 59096K, reserved 1099776K
  class space    used 7867K, capacity 8298K, committed 8320K, reserved 1048576K
Event: 29.293 GC heap after
Heap after GC invocations=10 (full 2):
 PSYoungGen      total 327168K, used 20014K [0x00000000e0000000, 0x00000000f6e00000, 0x0000000100000000)
  eden space 303104K, 0% used [0x00000000e0000000,0x00000000e0000000,0x00000000f2800000)
  from space 24064K, 83% used [0x00000000f4180000,0x00000000f550b878,0x00000000f5900000)
  to   space 26112K, 0% used [0x00000000f2800000,0x00000000f2800000,0x00000000f4180000)
 ParOldGen       total 95744K, used 26736K [0x00000000a0000000, 0x00000000a5d80000, 0x00000000e0000000)
  object space 95744K, 27% used [0x00000000a0000000,0x00000000a1a1c180,0x00000000a5d80000)
 Metaspace       used 57208K, capacity 59014K, committed 59096K, reserved 1099776K
  class space    used 7867K, capacity 8298K, committed 8320K, reserved 1048576K
}
Event: 29.293 GC heap before
{Heap before GC invocations=11 (full 3):
 PSYoungGen      total 327168K, used 20014K [0x00000000e0000000, 0x00000000f6e00000, 0x0000000100000000)
  eden space 303104K, 0% used [0x00000000e0000000,0x00000000e0000000,0x00000000f2800000)
  from space 24064K, 83% used [0x00000000f4180000,0x00000000f550b878,0x00000000f5900000)
  to   space 26112K, 0% used [0x00000000f2800000,0x00000000f2800000,0x00000000f4180000)
 ParOldGen       total 95744K, used 26736K [0x00000000a0000000, 0x00000000a5d80000, 0x00000000e0000000)
  object space 95744K, 27% used [0x00000000a0000000,0x00000000a1a1c180,0x00000000a5d80000)
 Metaspace       used 57208K, capacity 59014K, committed 59096K, reserved 1099776K
  class space    used 7867K, capacity 8298K, committed 8320K, reserved 1048576K
Event: 29.574 GC heap after
Heap after GC invocations=11 (full 3):
 PSYoungGen      total 327168K, used 0K [0x00000000e0000000, 0x00000000f6e00000, 0x0000000100000000)
  eden space 303104K, 0% used [0x00000000e0000000,0x00000000e0000000,0x00000000f2800000)
  from space 24064K, 0% used [0x00000000f4180000,0x00000000f4180000,0x00000000f5900000)
  to   space 26112K, 0% used [0x00000000f2800000,0x00000000f2800000,0x00000000f4180000)
 ParOldGen       total 138752K, used 33735K [0x00000000a0000000, 0x00000000a8780000, 0x00000000e0000000)
  object space 138752K, 24% used [0x00000000a0000000,0x00000000a20f1f70,0x00000000a8780000)
 Metaspace       used 57208K, capacity 59014K, committed 59096K, reserved 1099776K
  class space    used 7867K, capacity 8298K, committed 8320K, reserved 1048576K
}

