# JRE version: OpenJDK Runtime Environment (8.0_242-b01) (build 1.8.0_242-release-1644-b01)
# Java VM: OpenJDK 64-Bit Server VM (25.242-b01 mixed mode windows-amd64 compressed oops)
Heap:
 PSYoungGen      total 465920K, used 128953K [0x00000000e0000000, 0x0000000100000000, 0x0000000100000000)
  eden space 417792K, 30% used [0x00000000e0000000,0x00000000e7dee410,0x00000000f9800000)
  from space 48128K, 0% used [0x00000000fd100000,0x00000000fd100000,0x0000000100000000)
  to   space 53248K, 0% used [0x00000000f9800000,0x00000000f9800000,0x00000000fcc00000)
 ParOldGen       total 224768K, used 76754K [0x00000000a0000000, 0x00000000adb80000, 0x00000000e0000000)
  object space 224768K, 34% used [0x00000000a0000000,0x00000000a4af4978,0x00000000adb80000)
 Metaspace       used 99025K, capacity 102692K, committed 102912K, reserved 1136640K
  class space    used 13965K, capacity 14733K, committed 14848K, reserved 1048576K
GC Heap History (10 events):
Event: 117.612 GC heap before
{Heap before GC invocations=23 (full 4):
 PSYoungGen      total 398848K, used 398471K [0x00000000e0000000, 0x00000000fca80000, 0x0000000100000000)
  eden space 373248K, 99% used [0x00000000e0000000,0x00000000f6c55110,0x00000000f6c80000)
  from space 25600K, 99% used [0x00000000fb180000,0x00000000fca4cd70,0x00000000fca80000)
  to   space 48128K, 0% used [0x00000000f6c80000,0x00000000f6c80000,0x00000000f9b80000)
 ParOldGen       total 237568K, used 120479K [0x00000000a0000000, 0x00000000ae800000, 0x00000000e0000000)
  object space 237568K, 50% used [0x00000000a0000000,0x00000000a75a7c20,0x00000000ae800000)
 Metaspace       used 76431K, capacity 79656K, committed 79744K, reserved 1118208K
  class space    used 10200K, capacity 10851K, committed 10880K, reserved 1048576K
Event: 117.636 GC heap after
Heap after GC invocations=23 (full 4):
 PSYoungGen      total 421376K, used 9696K [0x00000000e0000000, 0x00000000ffa00000, 0x0000000100000000)
  eden space 373248K, 0% used [0x00000000e0000000,0x00000000e0000000,0x00000000f6c80000)
  from space 48128K, 20% used [0x00000000f6c80000,0x00000000f75f80c8,0x00000000f9b80000)
  to   space 47104K, 0% used [0x00000000fcc00000,0x00000000fcc00000,0x00000000ffa00000)
 ParOldGen       total 237568K, used 120487K [0x00000000a0000000, 0x00000000ae800000, 0x00000000e0000000)
  object space 237568K, 50% used [0x00000000a0000000,0x00000000a75a9c20,0x00000000ae800000)
 Metaspace       used 76431K, capacity 79656K, committed 79744K, reserved 1118208K
  class space    used 10200K, capacity 10851K, committed 10880K, reserved 1048576K
}
Event: 585.929 GC heap before
{Heap before GC invocations=24 (full 4):
 PSYoungGen      total 421376K, used 382944K [0x00000000e0000000, 0x00000000ffa00000, 0x0000000100000000)
  eden space 373248K, 100% used [0x00000000e0000000,0x00000000f6c80000,0x00000000f6c80000)
  from space 48128K, 20% used [0x00000000f6c80000,0x00000000f75f80c8,0x00000000f9b80000)
  to   space 47104K, 0% used [0x00000000fcc00000,0x00000000fcc00000,0x00000000ffa00000)
 ParOldGen       total 237568K, used 120487K [0x00000000a0000000, 0x00000000ae800000, 0x00000000e0000000)
  object space 237568K, 50% used [0x00000000a0000000,0x00000000a75a9c20,0x00000000ae800000)
 Metaspace       used 83658K, capacity 87232K, committed 87296K, reserved 1124352K
  class space    used 10996K, capacity 11739K, committed 11776K, reserved 1048576K
Event: 586.081 GC heap after
Heap after GC invocations=24 (full 4):
 PSYoungGen      total 456704K, used 29996K [0x00000000e0000000, 0x00000000ff480000, 0x0000000100000000)
  eden space 415232K, 0% used [0x00000000e0000000,0x00000000e0000000,0x00000000f9580000)
  from space 41472K, 72% used [0x00000000fcc00000,0x00000000fe94b2a8,0x00000000ff480000)
  to   space 48640K, 0% used [0x00000000f9580000,0x00000000f9580000,0x00000000fc500000)
 ParOldGen       total 237568K, used 120495K [0x00000000a0000000, 0x00000000ae800000, 0x00000000e0000000)
  object space 237568K, 50% used [0x00000000a0000000,0x00000000a75abc20,0x00000000ae800000)
 Metaspace       used 83658K, capacity 87232K, committed 87296K, reserved 1124352K
  class space    used 10996K, capacity 11739K, committed 11776K, reserved 1048576K
}
Event: 602.981 GC heap before
{Heap before GC invocations=25 (full 4):
 PSYoungGen      total 456704K, used 445228K [0x00000000e0000000, 0x00000000ff480000, 0x0000000100000000)
  eden space 415232K, 100% used [0x00000000e0000000,0x00000000f9580000,0x00000000f9580000)
  from space 41472K, 72% used [0x00000000fcc00000,0x00000000fe94b2a8,0x00000000ff480000)
  to   space 48640K, 0% used [0x00000000f9580000,0x00000000f9580000,0x00000000fc500000)
 ParOldGen       total 237568K, used 120495K [0x00000000a0000000, 0x00000000ae800000, 0x00000000e0000000)
  object space 237568K, 50% used [0x00000000a0000000,0x00000000a75abc20,0x00000000ae800000)
 Metaspace       used 83896K, capacity 87512K, committed 87552K, reserved 1124352K
  class space    used 11017K, capacity 11741K, committed 11776K, reserved 1048576K
Event: 603.078 GC heap after
Heap after GC invocations=25 (full 4):
 PSYoungGen      total 463872K, used 26388K [0x00000000e0000000, 0x0000000100000000, 0x0000000100000000)
  eden space 415232K, 0% used [0x00000000e0000000,0x00000000e0000000,0x00000000f9580000)
  from space 48640K, 54% used [0x00000000f9580000,0x00000000faf45398,0x00000000fc500000)
  to   space 48128K, 0% used [0x00000000fd100000,0x00000000fd100000,0x0000000100000000)
 ParOldGen       total 237568K, used 120503K [0x00000000a0000000, 0x00000000ae800000, 0x00000000e0000000)
  object space 237568K, 50% used [0x00000000a0000000,0x00000000a75adc20,0x00000000ae800000)
 Metaspace       used 83896K, capacity 87512K, committed 87552K, reserved 1124352K
  class space    used 11017K, capacity 11741K, committed 11776K, reserved 1048576K
}
Event: 631.723 GC heap before
{Heap before GC invocations=26 (full 4):
 PSYoungGen      total 463872K, used 303260K [0x00000000e0000000, 0x0000000100000000, 0x0000000100000000)
  eden space 415232K, 66% used [0x00000000e0000000,0x00000000f0e61db8,0x00000000f9580000)
  from space 48640K, 54% used [0x00000000f9580000,0x00000000faf45398,0x00000000fc500000)
  to   space 48128K, 0% used [0x00000000fd100000,0x00000000fd100000,0x0000000100000000)
 ParOldGen       total 237568K, used 120503K [0x00000000a0000000, 0x00000000ae800000, 0x00000000e0000000)
  object space 237568K, 50% used [0x00000000a0000000,0x00000000a75adc20,0x00000000ae800000)
 Metaspace       used 94367K, capacity 98026K, committed 98176K, reserved 1136640K
  class space    used 13379K, capacity 14158K, committed 14208K, reserved 1048576K
Event: 631.967 GC heap after
Heap after GC invocations=26 (full 4):
 PSYoungGen      total 465920K, used 41467K [0x00000000e0000000, 0x0000000100000000, 0x0000000100000000)
  eden space 417792K, 0% used [0x00000000e0000000,0x00000000e0000000,0x00000000f9800000)
  from space 48128K, 86% used [0x00000000fd100000,0x00000000ff97ed80,0x0000000100000000)
  to   space 53248K, 0% used [0x00000000f9800000,0x00000000f9800000,0x00000000fcc00000)
 ParOldGen       total 237568K, used 120511K [0x00000000a0000000, 0x00000000ae800000, 0x00000000e0000000)
  object space 237568K, 50% used [0x00000000a0000000,0x00000000a75afc20,0x00000000ae800000)
 Metaspace       used 94367K, capacity 98026K, committed 98176K, reserved 1136640K
  class space    used 13379K, capacity 14158K, committed 14208K, reserved 1048576K
}
Event: 631.967 GC heap before
{Heap before GC invocations=27 (full 5):
 PSYoungGen      total 465920K, used 41467K [0x00000000e0000000, 0x0000000100000000, 0x0000000100000000)
  eden space 417792K, 0% used [0x00000000e0000000,0x00000000e0000000,0x00000000f9800000)
  from space 48128K, 86% used [0x00000000fd100000,0x00000000ff97ed80,0x0000000100000000)
  to   space 53248K, 0% used [0x00000000f9800000,0x00000000f9800000,0x00000000fcc00000)
 ParOldGen       total 237568K, used 120511K [0x00000000a0000000, 0x00000000ae800000, 0x00000000e0000000)
  object space 237568K, 50% used [0x00000000a0000000,0x00000000a75afc20,0x00000000ae800000)
 Metaspace       used 94367K, capacity 98026K, committed 98176K, reserved 1136640K
  class space    used 13379K, capacity 14158K, committed 14208K, reserved 1048576K
Event: 635.589 GC heap after
Heap after GC invocations=27 (full 5):
 PSYoungGen      total 465920K, used 0K [0x00000000e0000000, 0x0000000100000000, 0x0000000100000000)
  eden space 417792K, 0% used [0x00000000e0000000,0x00000000e0000000,0x00000000f9800000)
  from space 48128K, 0% used [0x00000000fd100000,0x00000000fd100000,0x0000000100000000)
  to   space 53248K, 0% used [0x00000000f9800000,0x00000000f9800000,0x00000000fcc00000)
 ParOldGen       total 224768K, used 76754K [0x00000000a0000000, 0x00000000adb80000, 0x00000000e0000000)
  object space 224768K, 34% used [0x00000000a0000000,0x00000000a4af4978,0x00000000adb80000)
 Metaspace       used 94365K, capacity 98020K, committed 98176K, reserved 1134592K
  class space    used 13378K, capacity 14157K, committed 14208K, reserved 1048576K
}

