# JRE version: OpenJDK Runtime Environment (8.0_242-b01) (build 1.8.0_242-release-1644-b01)
# Java VM: OpenJDK 64-Bit Server VM (25.242-b01 mixed mode windows-amd64 compressed oops)
Heap:
 PSYoungGen      total 300032K, used 31066K [0x00000000e0000000, 0x00000000f9a80000, 0x0000000100000000)
  eden space 278528K, 10% used [0x00000000e0000000,0x00000000e1b9c928,0x00000000f1000000)
  from space 21504K, 12% used [0x00000000f1000000,0x00000000f12ba1d8,0x00000000f2500000)
  to   space 21504K, 0% used [0x00000000f8580000,0x00000000f8580000,0x00000000f9a80000)
 ParOldGen       total 109056K, used 52486K [0x00000000a0000000, 0x00000000a6a80000, 0x00000000e0000000)
  object space 109056K, 48% used [0x00000000a0000000,0x00000000a33419e0,0x00000000a6a80000)
 Metaspace       used 68540K, capacity 71246K, committed 71424K, reserved 1110016K
  class space    used 9273K, capacity 9872K, committed 9984K, reserved 1048576K
GC Heap History (10 events):
Event: 43.489 GC heap before
{Heap before GC invocations=14 (full 2):
 PSYoungGen      total 172032K, used 30495K [0x00000000e0000000, 0x00000000eed00000, 0x0000000100000000)
  eden space 156672K, 9% used [0x00000000e0000000,0x00000000e0ecadf8,0x00000000e9900000)
  from space 15360K, 99% used [0x00000000e9900000,0x00000000ea7fd0e0,0x00000000ea800000)
  to   space 20480K, 0% used [0x00000000ed900000,0x00000000ed900000,0x00000000eed00000)
 ParOldGen       total 77824K, used 28462K [0x00000000a0000000, 0x00000000a4c00000, 0x00000000e0000000)
  object space 77824K, 36% used [0x00000000a0000000,0x00000000a1bcbbb8,0x00000000a4c00000)
 Metaspace       used 57317K, capacity 59074K, committed 59096K, reserved 1099776K
  class space    used 7871K, capacity 8298K, committed 8320K, reserved 1048576K
Event: 43.515 GC heap after
Heap after GC invocations=14 (full 2):
 PSYoungGen      total 222208K, used 2666K [0x00000000e0000000, 0x00000000f0a80000, 0x0000000100000000)
  eden space 201728K, 0% used [0x00000000e0000000,0x00000000e0000000,0x00000000ec500000)
  from space 20480K, 13% used [0x00000000ed900000,0x00000000edb9a9e8,0x00000000eed00000)
  to   space 20480K, 0% used [0x00000000ec500000,0x00000000ec500000,0x00000000ed900000)
 ParOldGen       total 77824K, used 37534K [0x00000000a0000000, 0x00000000a4c00000, 0x00000000e0000000)
  object space 77824K, 48% used [0x00000000a0000000,0x00000000a24a7a20,0x00000000a4c00000)
 Metaspace       used 57317K, capacity 59074K, committed 59096K, reserved 1099776K
  class space    used 7871K, capacity 8298K, committed 8320K, reserved 1048576K
}
Event: 43.515 GC heap before
{Heap before GC invocations=15 (full 3):
 PSYoungGen      total 222208K, used 2666K [0x00000000e0000000, 0x00000000f0a80000, 0x0000000100000000)
  eden space 201728K, 0% used [0x00000000e0000000,0x00000000e0000000,0x00000000ec500000)
  from space 20480K, 13% used [0x00000000ed900000,0x00000000edb9a9e8,0x00000000eed00000)
  to   space 20480K, 0% used [0x00000000ec500000,0x00000000ec500000,0x00000000ed900000)
 ParOldGen       total 77824K, used 37534K [0x00000000a0000000, 0x00000000a4c00000, 0x00000000e0000000)
  object space 77824K, 48% used [0x00000000a0000000,0x00000000a24a7a20,0x00000000a4c00000)
 Metaspace       used 57317K, capacity 59074K, committed 59096K, reserved 1099776K
  class space    used 7871K, capacity 8298K, committed 8320K, reserved 1048576K
Event: 43.826 GC heap after
Heap after GC invocations=15 (full 3):
 PSYoungGen      total 222208K, used 0K [0x00000000e0000000, 0x00000000f0a80000, 0x0000000100000000)
  eden space 201728K, 0% used [0x00000000e0000000,0x00000000e0000000,0x00000000ec500000)
  from space 20480K, 0% used [0x00000000ed900000,0x00000000ed900000,0x00000000eed00000)
  to   space 20480K, 0% used [0x00000000ec500000,0x00000000ec500000,0x00000000ed900000)
 ParOldGen       total 109056K, used 32457K [0x00000000a0000000, 0x00000000a6a80000, 0x00000000e0000000)
  object space 109056K, 29% used [0x00000000a0000000,0x00000000a1fb2718,0x00000000a6a80000)
 Metaspace       used 57317K, capacity 59074K, committed 59096K, reserved 1099776K
  class space    used 7871K, capacity 8298K, committed 8320K, reserved 1048576K
}
Event: 55.196 GC heap before
{Heap before GC invocations=16 (full 3):
 PSYoungGen      total 222208K, used 201728K [0x00000000e0000000, 0x00000000f0a80000, 0x0000000100000000)
  eden space 201728K, 100% used [0x00000000e0000000,0x00000000ec500000,0x00000000ec500000)
  from space 20480K, 0% used [0x00000000ed900000,0x00000000ed900000,0x00000000eed00000)
  to   space 20480K, 0% used [0x00000000ec500000,0x00000000ec500000,0x00000000ed900000)
 ParOldGen       total 109056K, used 32457K [0x00000000a0000000, 0x00000000a6a80000, 0x00000000e0000000)
  object space 109056K, 29% used [0x00000000a0000000,0x00000000a1fb2718,0x00000000a6a80000)
 Metaspace       used 60271K, capacity 62372K, committed 62592K, reserved 1103872K
  class space    used 8217K, capacity 8715K, committed 8832K, reserved 1048576K
Event: 55.269 GC heap after
Heap after GC invocations=16 (full 3):
 PSYoungGen      total 222208K, used 17759K [0x00000000e0000000, 0x00000000f4080000, 0x0000000100000000)
  eden space 201728K, 0% used [0x00000000e0000000,0x00000000e0000000,0x00000000ec500000)
  from space 20480K, 86% used [0x00000000ec500000,0x00000000ed657db8,0x00000000ed900000)
  to   space 22528K, 0% used [0x00000000f2a80000,0x00000000f2a80000,0x00000000f4080000)
 ParOldGen       total 109056K, used 32465K [0x00000000a0000000, 0x00000000a6a80000, 0x00000000e0000000)
  object space 109056K, 29% used [0x00000000a0000000,0x00000000a1fb4718,0x00000000a6a80000)
 Metaspace       used 60271K, capacity 62372K, committed 62592K, reserved 1103872K
  class space    used 8217K, capacity 8715K, committed 8832K, reserved 1048576K
}
Event: 63.971 GC heap before
{Heap before GC invocations=17 (full 3):
 PSYoungGen      total 222208K, used 219487K [0x00000000e0000000, 0x00000000f4080000, 0x0000000100000000)
  eden space 201728K, 100% used [0x00000000e0000000,0x00000000ec500000,0x00000000ec500000)
  from space 20480K, 86% used [0x00000000ec500000,0x00000000ed657db8,0x00000000ed900000)
  to   space 22528K, 0% used [0x00000000f2a80000,0x00000000f2a80000,0x00000000f4080000)
 ParOldGen       total 109056K, used 32465K [0x00000000a0000000, 0x00000000a6a80000, 0x00000000e0000000)
  object space 109056K, 29% used [0x00000000a0000000,0x00000000a1fb4718,0x00000000a6a80000)
 Metaspace       used 67768K, capacity 70362K, committed 70528K, reserved 1110016K
  class space    used 9189K, capacity 9758K, committed 9856K, reserved 1048576K
Event: 64.053 GC heap after
Heap after GC invocations=17 (full 3):
 PSYoungGen      total 294400K, used 10800K [0x00000000e0000000, 0x00000000f3a00000, 0x0000000100000000)
  eden space 278528K, 0% used [0x00000000e0000000,0x00000000e0000000,0x00000000f1000000)
  from space 15872K, 68% used [0x00000000f2a80000,0x00000000f350c2f8,0x00000000f3a00000)
  to   space 21504K, 0% used [0x00000000f1000000,0x00000000f1000000,0x00000000f2500000)
 ParOldGen       total 109056K, used 48088K [0x00000000a0000000, 0x00000000a6a80000, 0x00000000e0000000)
  object space 109056K, 44% used [0x00000000a0000000,0x00000000a2ef63c8,0x00000000a6a80000)
 Metaspace       used 67768K, capacity 70362K, committed 70528K, reserved 1110016K
  class space    used 9189K, capacity 9758K, committed 9856K, reserved 1048576K
}
Event: 71.998 GC heap before
{Heap before GC invocations=18 (full 3):
 PSYoungGen      total 294400K, used 289328K [0x00000000e0000000, 0x00000000f3a00000, 0x0000000100000000)
  eden space 278528K, 100% used [0x00000000e0000000,0x00000000f1000000,0x00000000f1000000)
  from space 15872K, 68% used [0x00000000f2a80000,0x00000000f350c2f8,0x00000000f3a00000)
  to   space 21504K, 0% used [0x00000000f1000000,0x00000000f1000000,0x00000000f2500000)
 ParOldGen       total 109056K, used 48088K [0x00000000a0000000, 0x00000000a6a80000, 0x00000000e0000000)
  object space 109056K, 44% used [0x00000000a0000000,0x00000000a2ef63c8,0x00000000a6a80000)
 Metaspace       used 68294K, capacity 71002K, committed 71040K, reserved 1110016K
  class space    used 9229K, capacity 9830K, committed 9856K, reserved 1048576K
Event: 72.046 GC heap after
Heap after GC invocations=18 (full 3):
 PSYoungGen      total 300032K, used 2792K [0x00000000e0000000, 0x00000000f9a80000, 0x0000000100000000)
  eden space 278528K, 0% used [0x00000000e0000000,0x00000000e0000000,0x00000000f1000000)
  from space 21504K, 12% used [0x00000000f1000000,0x00000000f12ba1d8,0x00000000f2500000)
  to   space 21504K, 0% used [0x00000000f8580000,0x00000000f8580000,0x00000000f9a80000)
 ParOldGen       total 109056K, used 52486K [0x00000000a0000000, 0x00000000a6a80000, 0x00000000e0000000)
  object space 109056K, 48% used [0x00000000a0000000,0x00000000a33419e0,0x00000000a6a80000)
 Metaspace       used 68294K, capacity 71002K, committed 71040K, reserved 1110016K
  class space    used 9229K, capacity 9830K, committed 9856K, reserved 1048576K
}

