# JRE version: OpenJDK Runtime Environment (8.0_242-b01) (build 1.8.0_242-release-1644-b01)
# Java VM: OpenJDK 64-Bit Server VM (25.242-b01 mixed mode windows-amd64 compressed oops)
Heap:
 PSYoungGen      total 323584K, used 202670K [0x00000000e0000000, 0x00000000f8100000, 0x0000000100000000)
  eden space 270336K, 66% used [0x00000000e0000000,0x00000000eaf55520,0x00000000f0800000)
  from space 53248K, 43% used [0x00000000f0800000,0x00000000f1e96510,0x00000000f3c00000)
  to   space 50176K, 0% used [0x00000000f5000000,0x00000000f5000000,0x00000000f8100000)
 ParOldGen       total 258048K, used 133069K [0x00000000a0000000, 0x00000000afc00000, 0x00000000e0000000)
  object space 258048K, 51% used [0x00000000a0000000,0x00000000a81f3658,0x00000000afc00000)
 Metaspace       used 109186K, capacity 113640K, committed 113944K, reserved 1146880K
  class space    used 15172K, capacity 16070K, committed 16152K, reserved 1048576K
GC Heap History (10 events):
Event: 245.757 GC heap before
{Heap before GC invocations=23 (full 4):
 PSYoungGen      total 276992K, used 255693K [0x00000000e0000000, 0x00000000f3e00000, 0x0000000100000000)
  eden space 228352K, 100% used [0x00000000e0000000,0x00000000edf00000,0x00000000edf00000)
  from space 48640K, 56% used [0x00000000f0e80000,0x00000000f29336f0,0x00000000f3e00000)
  to   space 48640K, 0% used [0x00000000edf00000,0x00000000edf00000,0x00000000f0e80000)
 ParOldGen       total 258048K, used 104976K [0x00000000a0000000, 0x00000000afc00000, 0x00000000e0000000)
  object space 258048K, 40% used [0x00000000a0000000,0x00000000a66841b8,0x00000000afc00000)
 Metaspace       used 97130K, capacity 100472K, committed 101016K, reserved 1136640K
  class space    used 13605K, capacity 14334K, committed 14488K, reserved 1048576K
Event: 245.829 GC heap after
Heap after GC invocations=23 (full 4):
 PSYoungGen      total 276992K, used 31667K [0x00000000e0000000, 0x00000000f5b00000, 0x0000000100000000)
  eden space 228352K, 0% used [0x00000000e0000000,0x00000000e0000000,0x00000000edf00000)
  from space 48640K, 65% used [0x00000000edf00000,0x00000000efdecc70,0x00000000f0e80000)
  to   space 50176K, 0% used [0x00000000f2a00000,0x00000000f2a00000,0x00000000f5b00000)
 ParOldGen       total 258048K, used 104984K [0x00000000a0000000, 0x00000000afc00000, 0x00000000e0000000)
  object space 258048K, 40% used [0x00000000a0000000,0x00000000a66861b8,0x00000000afc00000)
 Metaspace       used 97130K, capacity 100472K, committed 101016K, reserved 1136640K
  class space    used 13605K, capacity 14334K, committed 14488K, reserved 1048576K
}
Event: 254.728 GC heap before
{Heap before GC invocations=24 (full 4):
 PSYoungGen      total 276992K, used 260019K [0x00000000e0000000, 0x00000000f5b00000, 0x0000000100000000)
  eden space 228352K, 100% used [0x00000000e0000000,0x00000000edf00000,0x00000000edf00000)
  from space 48640K, 65% used [0x00000000edf00000,0x00000000efdecc70,0x00000000f0e80000)
  to   space 50176K, 0% used [0x00000000f2a00000,0x00000000f2a00000,0x00000000f5b00000)
 ParOldGen       total 258048K, used 104984K [0x00000000a0000000, 0x00000000afc00000, 0x00000000e0000000)
  object space 258048K, 40% used [0x00000000a0000000,0x00000000a66861b8,0x00000000afc00000)
 Metaspace       used 104572K, capacity 108468K, committed 108696K, reserved 1142784K
  class space    used 14621K, capacity 15418K, committed 15512K, reserved 1048576K
Event: 254.808 GC heap after
Heap after GC invocations=24 (full 4):
 PSYoungGen      total 296960K, used 50161K [0x00000000e0000000, 0x00000000f6800000, 0x0000000100000000)
  eden space 246784K, 0% used [0x00000000e0000000,0x00000000e0000000,0x00000000ef100000)
  from space 50176K, 99% used [0x00000000f2a00000,0x00000000f5afc660,0x00000000f5b00000)
  to   space 58368K, 0% used [0x00000000ef100000,0x00000000ef100000,0x00000000f2a00000)
 ParOldGen       total 258048K, used 106344K [0x00000000a0000000, 0x00000000afc00000, 0x00000000e0000000)
  object space 258048K, 41% used [0x00000000a0000000,0x00000000a67da1d8,0x00000000afc00000)
 Metaspace       used 104572K, capacity 108468K, committed 108696K, reserved 1142784K
  class space    used 14621K, capacity 15418K, committed 15512K, reserved 1048576K
}
Event: 259.428 GC heap before
{Heap before GC invocations=25 (full 4):
 PSYoungGen      total 296960K, used 296945K [0x00000000e0000000, 0x00000000f6800000, 0x0000000100000000)
  eden space 246784K, 100% used [0x00000000e0000000,0x00000000ef100000,0x00000000ef100000)
  from space 50176K, 99% used [0x00000000f2a00000,0x00000000f5afc660,0x00000000f5b00000)
  to   space 58368K, 0% used [0x00000000ef100000,0x00000000ef100000,0x00000000f2a00000)
 ParOldGen       total 258048K, used 106344K [0x00000000a0000000, 0x00000000afc00000, 0x00000000e0000000)
  object space 258048K, 41% used [0x00000000a0000000,0x00000000a67da1d8,0x00000000afc00000)
 Metaspace       used 105361K, capacity 109340K, committed 109464K, reserved 1142784K
  class space    used 14647K, capacity 15456K, committed 15512K, reserved 1048576K
Event: 259.506 GC heap after
Heap after GC invocations=25 (full 4):
 PSYoungGen      total 305152K, used 19613K [0x00000000e0000000, 0x00000000f7680000, 0x0000000100000000)
  eden space 246784K, 0% used [0x00000000e0000000,0x00000000e0000000,0x00000000ef100000)
  from space 58368K, 33% used [0x00000000ef100000,0x00000000f04275f8,0x00000000f2a00000)
  to   space 55808K, 0% used [0x00000000f4000000,0x00000000f4000000,0x00000000f7680000)
 ParOldGen       total 258048K, used 133053K [0x00000000a0000000, 0x00000000afc00000, 0x00000000e0000000)
  object space 258048K, 51% used [0x00000000a0000000,0x00000000a81ef658,0x00000000afc00000)
 Metaspace       used 105361K, capacity 109340K, committed 109464K, reserved 1142784K
  class space    used 14647K, capacity 15456K, committed 15512K, reserved 1048576K
}
Event: 263.002 GC heap before
{Heap before GC invocations=26 (full 4):
 PSYoungGen      total 305152K, used 266397K [0x00000000e0000000, 0x00000000f7680000, 0x0000000100000000)
  eden space 246784K, 100% used [0x00000000e0000000,0x00000000ef100000,0x00000000ef100000)
  from space 58368K, 33% used [0x00000000ef100000,0x00000000f04275f8,0x00000000f2a00000)
  to   space 55808K, 0% used [0x00000000f4000000,0x00000000f4000000,0x00000000f7680000)
 ParOldGen       total 258048K, used 133053K [0x00000000a0000000, 0x00000000afc00000, 0x00000000e0000000)
  object space 258048K, 51% used [0x00000000a0000000,0x00000000a81ef658,0x00000000afc00000)
 Metaspace       used 105506K, capacity 109480K, committed 109720K, reserved 1142784K
  class space    used 14670K, capacity 15498K, committed 15512K, reserved 1048576K
Event: 263.051 GC heap after
Heap after GC invocations=26 (full 4):
 PSYoungGen      total 319488K, used 20249K [0x00000000e0000000, 0x00000000f7000000, 0x0000000100000000)
  eden space 270336K, 0% used [0x00000000e0000000,0x00000000e0000000,0x00000000f0800000)
  from space 49152K, 41% used [0x00000000f4000000,0x00000000f53c6468,0x00000000f7000000)
  to   space 53248K, 0% used [0x00000000f0800000,0x00000000f0800000,0x00000000f3c00000)
 ParOldGen       total 258048K, used 133061K [0x00000000a0000000, 0x00000000afc00000, 0x00000000e0000000)
  object space 258048K, 51% used [0x00000000a0000000,0x00000000a81f1658,0x00000000afc00000)
 Metaspace       used 105506K, capacity 109480K, committed 109720K, reserved 1142784K
  class space    used 14670K, capacity 15498K, committed 15512K, reserved 1048576K
}
Event: 270.344 GC heap before
{Heap before GC invocations=27 (full 4):
 PSYoungGen      total 319488K, used 290585K [0x00000000e0000000, 0x00000000f7000000, 0x0000000100000000)
  eden space 270336K, 100% used [0x00000000e0000000,0x00000000f0800000,0x00000000f0800000)
  from space 49152K, 41% used [0x00000000f4000000,0x00000000f53c6468,0x00000000f7000000)
  to   space 53248K, 0% used [0x00000000f0800000,0x00000000f0800000,0x00000000f3c00000)
 ParOldGen       total 258048K, used 133061K [0x00000000a0000000, 0x00000000afc00000, 0x00000000e0000000)
  object space 258048K, 51% used [0x00000000a0000000,0x00000000a81f1658,0x00000000afc00000)
 Metaspace       used 106971K, capacity 111308K, committed 111512K, reserved 1144832K
  class space    used 14836K, capacity 15726K, committed 15768K, reserved 1048576K
Event: 270.414 GC heap after
Heap after GC invocations=27 (full 4):
 PSYoungGen      total 323584K, used 23129K [0x00000000e0000000, 0x00000000f8100000, 0x0000000100000000)
  eden space 270336K, 0% used [0x00000000e0000000,0x00000000e0000000,0x00000000f0800000)
  from space 53248K, 43% used [0x00000000f0800000,0x00000000f1e96510,0x00000000f3c00000)
  to   space 50176K, 0% used [0x00000000f5000000,0x00000000f5000000,0x00000000f8100000)
 ParOldGen       total 258048K, used 133069K [0x00000000a0000000, 0x00000000afc00000, 0x00000000e0000000)
  object space 258048K, 51% used [0x00000000a0000000,0x00000000a81f3658,0x00000000afc00000)
 Metaspace       used 106971K, capacity 111308K, committed 111512K, reserved 1144832K
  class space    used 14836K, capacity 15726K, committed 15768K, reserved 1048576K
}

