# JRE version: OpenJDK Runtime Environment (8.0_242-b01) (build 1.8.0_242-release-1644-b01)
# Java VM: OpenJDK 64-Bit Server VM (25.242-b01 mixed mode windows-amd64 compressed oops)
Heap:
 PSYoungGen      total 294400K, used 230296K [0x00000000e0000000, 0x00000000f4400000, 0x0000000100000000)
  eden space 271360K, 84% used [0x00000000e0000000,0x00000000ee0e6318,0x00000000f0900000)
  from space 23040K, 0% used [0x00000000f2d80000,0x00000000f2d80000,0x00000000f4400000)
  to   space 30208K, 0% used [0x00000000f0900000,0x00000000f0900000,0x00000000f2680000)
 ParOldGen       total 194048K, used 94342K [0x00000000a0000000, 0x00000000abd80000, 0x00000000e0000000)
  object space 194048K, 48% used [0x00000000a0000000,0x00000000a5c21ae0,0x00000000abd80000)
 Metaspace       used 86261K, capacity 88962K, committed 89088K, reserved 1126400K
  class space    used 12442K, capacity 13040K, committed 13056K, reserved 1048576K
GC Heap History (10 events):
Event: 61.136 GC heap before
{Heap before GC invocations=18 (full 3):
 PSYoungGen      total 203776K, used 190976K [0x00000000e0000000, 0x00000000eda80000, 0x0000000100000000)
  eden space 190976K, 100% used [0x00000000e0000000,0x00000000eba80000,0x00000000eba80000)
  from space 12800K, 0% used [0x00000000ece00000,0x00000000ece00000,0x00000000eda80000)
  to   space 16384K, 0% used [0x00000000eba80000,0x00000000eba80000,0x00000000eca80000)
 ParOldGen       total 103936K, used 34228K [0x00000000a0000000, 0x00000000a6580000, 0x00000000e0000000)
  object space 103936K, 32% used [0x00000000a0000000,0x00000000a216d2b8,0x00000000a6580000)
 Metaspace       used 60583K, capacity 62944K, committed 63232K, reserved 1103872K
  class space    used 8331K, capacity 8881K, committed 8960K, reserved 1048576K
Event: 61.255 GC heap after
Heap after GC invocations=18 (full 3):
 PSYoungGen      total 207360K, used 16360K [0x00000000e0000000, 0x00000000f0b00000, 0x0000000100000000)
  eden space 190976K, 0% used [0x00000000e0000000,0x00000000e0000000,0x00000000eba80000)
  from space 16384K, 99% used [0x00000000eba80000,0x00000000eca7a070,0x00000000eca80000)
  to   space 20480K, 0% used [0x00000000ef700000,0x00000000ef700000,0x00000000f0b00000)
 ParOldGen       total 103936K, used 38656K [0x00000000a0000000, 0x00000000a6580000, 0x00000000e0000000)
  object space 103936K, 37% used [0x00000000a0000000,0x00000000a25c0318,0x00000000a6580000)
 Metaspace       used 60583K, capacity 62944K, committed 63232K, reserved 1103872K
  class space    used 8331K, capacity 8881K, committed 8960K, reserved 1048576K
}
Event: 71.484 GC heap before
{Heap before GC invocations=19 (full 3):
 PSYoungGen      total 207360K, used 207336K [0x00000000e0000000, 0x00000000f0b00000, 0x0000000100000000)
  eden space 190976K, 100% used [0x00000000e0000000,0x00000000eba80000,0x00000000eba80000)
  from space 16384K, 99% used [0x00000000eba80000,0x00000000eca7a070,0x00000000eca80000)
  to   space 20480K, 0% used [0x00000000ef700000,0x00000000ef700000,0x00000000f0b00000)
 ParOldGen       total 103936K, used 38656K [0x00000000a0000000, 0x00000000a6580000, 0x00000000e0000000)
  object space 103936K, 37% used [0x00000000a0000000,0x00000000a25c0318,0x00000000a6580000)
 Metaspace       used 75096K, capacity 77476K, committed 77824K, reserved 1116160K
  class space    used 11195K, capacity 11743K, committed 11776K, reserved 1048576K
Event: 71.606 GC heap after
Heap after GC invocations=19 (full 3):
 PSYoungGen      total 241152K, used 20469K [0x00000000e0000000, 0x00000000f1e80000, 0x0000000100000000)
  eden space 220672K, 0% used [0x00000000e0000000,0x00000000e0000000,0x00000000ed780000)
  from space 20480K, 99% used [0x00000000ef700000,0x00000000f0afd5c8,0x00000000f0b00000)
  to   space 32256K, 0% used [0x00000000ed780000,0x00000000ed780000,0x00000000ef700000)
 ParOldGen       total 103936K, used 62887K [0x00000000a0000000, 0x00000000a6580000, 0x00000000e0000000)
  object space 103936K, 60% used [0x00000000a0000000,0x00000000a3d69fc0,0x00000000a6580000)
 Metaspace       used 75096K, capacity 77476K, committed 77824K, reserved 1116160K
  class space    used 11195K, capacity 11743K, committed 11776K, reserved 1048576K
}
Event: 79.623 GC heap before
{Heap before GC invocations=20 (full 3):
 PSYoungGen      total 241152K, used 241141K [0x00000000e0000000, 0x00000000f1e80000, 0x0000000100000000)
  eden space 220672K, 100% used [0x00000000e0000000,0x00000000ed780000,0x00000000ed780000)
  from space 20480K, 99% used [0x00000000ef700000,0x00000000f0afd5c8,0x00000000f0b00000)
  to   space 32256K, 0% used [0x00000000ed780000,0x00000000ed780000,0x00000000ef700000)
 ParOldGen       total 103936K, used 62887K [0x00000000a0000000, 0x00000000a6580000, 0x00000000e0000000)
  object space 103936K, 60% used [0x00000000a0000000,0x00000000a3d69fc0,0x00000000a6580000)
 Metaspace       used 76624K, capacity 78972K, committed 79232K, reserved 1116160K
  class space    used 11326K, capacity 11875K, committed 11904K, reserved 1048576K
Event: 82.260 GC heap after
Heap after GC invocations=20 (full 3):
 PSYoungGen      total 252928K, used 16006K [0x00000000e0000000, 0x00000000f4c80000, 0x0000000100000000)
  eden space 220672K, 0% used [0x00000000e0000000,0x00000000e0000000,0x00000000ed780000)
  from space 32256K, 49% used [0x00000000ed780000,0x00000000ee721b20,0x00000000ef700000)
  to   space 31744K, 0% used [0x00000000f2d80000,0x00000000f2d80000,0x00000000f4c80000)
 ParOldGen       total 103936K, used 81220K [0x00000000a0000000, 0x00000000a6580000, 0x00000000e0000000)
  object space 103936K, 78% used [0x00000000a0000000,0x00000000a4f51220,0x00000000a6580000)
 Metaspace       used 76624K, capacity 78972K, committed 79232K, reserved 1116160K
  class space    used 11326K, capacity 11875K, committed 11904K, reserved 1048576K
}
Event: 107.307 GC heap before
{Heap before GC invocations=21 (full 3):
 PSYoungGen      total 252928K, used 236678K [0x00000000e0000000, 0x00000000f4c80000, 0x0000000100000000)
  eden space 220672K, 100% used [0x00000000e0000000,0x00000000ed780000,0x00000000ed780000)
  from space 32256K, 49% used [0x00000000ed780000,0x00000000ee721b20,0x00000000ef700000)
  to   space 31744K, 0% used [0x00000000f2d80000,0x00000000f2d80000,0x00000000f4c80000)
 ParOldGen       total 103936K, used 81220K [0x00000000a0000000, 0x00000000a6580000, 0x00000000e0000000)
  object space 103936K, 78% used [0x00000000a0000000,0x00000000a4f51220,0x00000000a6580000)
 Metaspace       used 78281K, capacity 80714K, committed 80896K, reserved 1118208K
  class space    used 11435K, capacity 12006K, committed 12032K, reserved 1048576K
Event: 107.424 GC heap after
Heap after GC invocations=21 (full 3):
 PSYoungGen      total 294400K, used 11370K [0x00000000e0000000, 0x00000000f4400000, 0x0000000100000000)
  eden space 271360K, 0% used [0x00000000e0000000,0x00000000e0000000,0x00000000f0900000)
  from space 23040K, 49% used [0x00000000f2d80000,0x00000000f389abd8,0x00000000f4400000)
  to   space 30208K, 0% used [0x00000000f0900000,0x00000000f0900000,0x00000000f2680000)
 ParOldGen       total 103936K, used 95668K [0x00000000a0000000, 0x00000000a6580000, 0x00000000e0000000)
  object space 103936K, 92% used [0x00000000a0000000,0x00000000a5d6d068,0x00000000a6580000)
 Metaspace       used 78281K, capacity 80714K, committed 80896K, reserved 1118208K
  class space    used 11435K, capacity 12006K, committed 12032K, reserved 1048576K
}
Event: 107.425 GC heap before
{Heap before GC invocations=22 (full 4):
 PSYoungGen      total 294400K, used 11370K [0x00000000e0000000, 0x00000000f4400000, 0x0000000100000000)
  eden space 271360K, 0% used [0x00000000e0000000,0x00000000e0000000,0x00000000f0900000)
  from space 23040K, 49% used [0x00000000f2d80000,0x00000000f389abd8,0x00000000f4400000)
  to   space 30208K, 0% used [0x00000000f0900000,0x00000000f0900000,0x00000000f2680000)
 ParOldGen       total 103936K, used 95668K [0x00000000a0000000, 0x00000000a6580000, 0x00000000e0000000)
  object space 103936K, 92% used [0x00000000a0000000,0x00000000a5d6d068,0x00000000a6580000)
 Metaspace       used 78281K, capacity 80714K, committed 80896K, reserved 1118208K
  class space    used 11435K, capacity 12006K, committed 12032K, reserved 1048576K
Event: 111.379 GC heap after
Heap after GC invocations=22 (full 4):
 PSYoungGen      total 294400K, used 0K [0x00000000e0000000, 0x00000000f4400000, 0x0000000100000000)
  eden space 271360K, 0% used [0x00000000e0000000,0x00000000e0000000,0x00000000f0900000)
  from space 23040K, 0% used [0x00000000f2d80000,0x00000000f2d80000,0x00000000f4400000)
  to   space 30208K, 0% used [0x00000000f0900000,0x00000000f0900000,0x00000000f2680000)
 ParOldGen       total 194048K, used 94342K [0x00000000a0000000, 0x00000000abd80000, 0x00000000e0000000)
  object space 194048K, 48% used [0x00000000a0000000,0x00000000a5c21ae0,0x00000000abd80000)
 Metaspace       used 78191K, capacity 80466K, committed 80896K, reserved 1118208K
  class space    used 11405K, capacity 11954K, committed 12032K, reserved 1048576K
}

