# JRE version: OpenJDK Runtime Environment (8.0_242-b01) (build 1.8.0_242-release-1644-b01)
# Java VM: OpenJDK 64-Bit Server VM (25.242-b01 mixed mode windows-amd64 compressed oops)
Heap:
 PSYoungGen      total 141312K, used 72302K [0x00000000e0000000, 0x00000000ea780000, 0x0000000100000000)
  eden space 123904K, 58% used [0x00000000e0000000,0x00000000e469b860,0x00000000e7900000)
  from space 17408K, 0% used [0x00000000e8e00000,0x00000000e8e00000,0x00000000e9f00000)
  to   space 21504K, 0% used [0x00000000e7900000,0x00000000e7900000,0x00000000e8e00000)
 ParOldGen       total 161280K, used 35115K [0x00000000a0000000, 0x00000000a9d80000, 0x00000000e0000000)
  object space 161280K, 21% used [0x00000000a0000000,0x00000000a224ad10,0x00000000a9d80000)
 Metaspace       used 58782K, capacity 60904K, committed 61056K, reserved 1101824K
  class space    used 8065K, capacity 8545K, committed 8576K, reserved 1048576K
GC Heap History (10 events):
Event: 19.457 GC heap before
{Heap before GC invocations=11 (full 2):
 PSYoungGen      total 101888K, used 9740K [0x00000000e0000000, 0x00000000e8180000, 0x0000000100000000)
  eden space 90112K, 0% used [0x00000000e0000000,0x00000000e0000000,0x00000000e5800000)
  from space 11776K, 82% used [0x00000000e5800000,0x00000000e61831f0,0x00000000e6380000)
  to   space 12288K, 0% used [0x00000000e7580000,0x00000000e7580000,0x00000000e8180000)
 ParOldGen       total 66560K, used 9243K [0x00000000a0000000, 0x00000000a4100000, 0x00000000e0000000)
  object space 66560K, 13% used [0x00000000a0000000,0x00000000a0906f68,0x00000000a4100000)
 Metaspace       used 34504K, capacity 35380K, committed 35456K, reserved 1079296K
  class space    used 4730K, capacity 4987K, committed 4992K, reserved 1048576K
Event: 19.585 GC heap after
Heap after GC invocations=11 (full 2):
 PSYoungGen      total 101888K, used 0K [0x00000000e0000000, 0x00000000e8180000, 0x0000000100000000)
  eden space 90112K, 0% used [0x00000000e0000000,0x00000000e0000000,0x00000000e5800000)
  from space 11776K, 0% used [0x00000000e5800000,0x00000000e5800000,0x00000000e6380000)
  to   space 12288K, 0% used [0x00000000e7580000,0x00000000e7580000,0x00000000e8180000)
 ParOldGen       total 104960K, used 16376K [0x00000000a0000000, 0x00000000a6680000, 0x00000000e0000000)
  object space 104960K, 15% used [0x00000000a0000000,0x00000000a0ffe0a8,0x00000000a6680000)
 Metaspace       used 34502K, capacity 35374K, committed 35456K, reserved 1079296K
  class space    used 4729K, capacity 4986K, committed 4992K, reserved 1048576K
}
Event: 23.293 GC heap before
{Heap before GC invocations=12 (full 2):
 PSYoungGen      total 101888K, used 90112K [0x00000000e0000000, 0x00000000e8180000, 0x0000000100000000)
  eden space 90112K, 100% used [0x00000000e0000000,0x00000000e5800000,0x00000000e5800000)
  from space 11776K, 0% used [0x00000000e5800000,0x00000000e5800000,0x00000000e6380000)
  to   space 12288K, 0% used [0x00000000e7580000,0x00000000e7580000,0x00000000e8180000)
 ParOldGen       total 104960K, used 16376K [0x00000000a0000000, 0x00000000a6680000, 0x00000000e0000000)
  object space 104960K, 15% used [0x00000000a0000000,0x00000000a0ffe0a8,0x00000000a6680000)
 Metaspace       used 43123K, capacity 44260K, committed 44672K, reserved 1087488K
  class space    used 5818K, capacity 6154K, committed 6272K, reserved 1048576K
Event: 23.314 GC heap after
Heap after GC invocations=12 (full 2):
 PSYoungGen      total 118784K, used 12285K [0x00000000e0000000, 0x00000000e8680000, 0x0000000100000000)
  eden space 106496K, 0% used [0x00000000e0000000,0x00000000e0000000,0x00000000e6800000)
  from space 12288K, 99% used [0x00000000e7580000,0x00000000e817f428,0x00000000e8180000)
  to   space 13824K, 0% used [0x00000000e6800000,0x00000000e6800000,0x00000000e7580000)
 ParOldGen       total 104960K, used 16465K [0x00000000a0000000, 0x00000000a6680000, 0x00000000e0000000)
  object space 104960K, 15% used [0x00000000a0000000,0x00000000a1014780,0x00000000a6680000)
 Metaspace       used 43123K, capacity 44260K, committed 44672K, reserved 1087488K
  class space    used 5818K, capacity 6154K, committed 6272K, reserved 1048576K
}
Event: 27.466 GC heap before
{Heap before GC invocations=13 (full 2):
 PSYoungGen      total 118784K, used 118781K [0x00000000e0000000, 0x00000000e8680000, 0x0000000100000000)
  eden space 106496K, 100% used [0x00000000e0000000,0x00000000e6800000,0x00000000e6800000)
  from space 12288K, 99% used [0x00000000e7580000,0x00000000e817f428,0x00000000e8180000)
  to   space 13824K, 0% used [0x00000000e6800000,0x00000000e6800000,0x00000000e7580000)
 ParOldGen       total 104960K, used 16465K [0x00000000a0000000, 0x00000000a6680000, 0x00000000e0000000)
  object space 104960K, 15% used [0x00000000a0000000,0x00000000a1014780,0x00000000a6680000)
 Metaspace       used 51987K, capacity 53686K, committed 53888K, reserved 1095680K
  class space    used 7093K, capacity 7510K, committed 7552K, reserved 1048576K
Event: 27.497 GC heap after
Heap after GC invocations=13 (full 2):
 PSYoungGen      total 120320K, used 13823K [0x00000000e0000000, 0x00000000e9f00000, 0x0000000100000000)
  eden space 106496K, 0% used [0x00000000e0000000,0x00000000e0000000,0x00000000e6800000)
  from space 13824K, 99% used [0x00000000e6800000,0x00000000e757fe48,0x00000000e7580000)
  to   space 17408K, 0% used [0x00000000e8e00000,0x00000000e8e00000,0x00000000e9f00000)
 ParOldGen       total 104960K, used 21685K [0x00000000a0000000, 0x00000000a6680000, 0x00000000e0000000)
  object space 104960K, 20% used [0x00000000a0000000,0x00000000a152d498,0x00000000a6680000)
 Metaspace       used 51987K, capacity 53686K, committed 53888K, reserved 1095680K
  class space    used 7093K, capacity 7510K, committed 7552K, reserved 1048576K
}
Event: 31.693 GC heap before
{Heap before GC invocations=14 (full 2):
 PSYoungGen      total 120320K, used 96386K [0x00000000e0000000, 0x00000000e9f00000, 0x0000000100000000)
  eden space 106496K, 77% used [0x00000000e0000000,0x00000000e50a0b50,0x00000000e6800000)
  from space 13824K, 99% used [0x00000000e6800000,0x00000000e757fe48,0x00000000e7580000)
  to   space 17408K, 0% used [0x00000000e8e00000,0x00000000e8e00000,0x00000000e9f00000)
 ParOldGen       total 104960K, used 21685K [0x00000000a0000000, 0x00000000a6680000, 0x00000000e0000000)
  object space 104960K, 20% used [0x00000000a0000000,0x00000000a152d498,0x00000000a6680000)
 Metaspace       used 57121K, capacity 59020K, committed 59096K, reserved 1099776K
  class space    used 7846K, capacity 8297K, committed 8320K, reserved 1048576K
Event: 31.754 GC heap after
Heap after GC invocations=14 (full 2):
 PSYoungGen      total 141312K, used 17405K [0x00000000e0000000, 0x00000000ea780000, 0x0000000100000000)
  eden space 123904K, 0% used [0x00000000e0000000,0x00000000e0000000,0x00000000e7900000)
  from space 17408K, 99% used [0x00000000e8e00000,0x00000000e9eff7d0,0x00000000e9f00000)
  to   space 21504K, 0% used [0x00000000e7900000,0x00000000e7900000,0x00000000e8e00000)
 ParOldGen       total 104960K, used 25970K [0x00000000a0000000, 0x00000000a6680000, 0x00000000e0000000)
  object space 104960K, 24% used [0x00000000a0000000,0x00000000a195c838,0x00000000a6680000)
 Metaspace       used 57121K, capacity 59020K, committed 59096K, reserved 1099776K
  class space    used 7846K, capacity 8297K, committed 8320K, reserved 1048576K
}
Event: 31.754 GC heap before
{Heap before GC invocations=15 (full 3):
 PSYoungGen      total 141312K, used 17405K [0x00000000e0000000, 0x00000000ea780000, 0x0000000100000000)
  eden space 123904K, 0% used [0x00000000e0000000,0x00000000e0000000,0x00000000e7900000)
  from space 17408K, 99% used [0x00000000e8e00000,0x00000000e9eff7d0,0x00000000e9f00000)
  to   space 21504K, 0% used [0x00000000e7900000,0x00000000e7900000,0x00000000e8e00000)
 ParOldGen       total 104960K, used 25970K [0x00000000a0000000, 0x00000000a6680000, 0x00000000e0000000)
  object space 104960K, 24% used [0x00000000a0000000,0x00000000a195c838,0x00000000a6680000)
 Metaspace       used 57121K, capacity 59020K, committed 59096K, reserved 1099776K
  class space    used 7846K, capacity 8297K, committed 8320K, reserved 1048576K
Event: 32.181 GC heap after
Heap after GC invocations=15 (full 3):
 PSYoungGen      total 141312K, used 0K [0x00000000e0000000, 0x00000000ea780000, 0x0000000100000000)
  eden space 123904K, 0% used [0x00000000e0000000,0x00000000e0000000,0x00000000e7900000)
  from space 17408K, 0% used [0x00000000e8e00000,0x00000000e8e00000,0x00000000e9f00000)
  to   space 21504K, 0% used [0x00000000e7900000,0x00000000e7900000,0x00000000e8e00000)
 ParOldGen       total 161280K, used 35115K [0x00000000a0000000, 0x00000000a9d80000, 0x00000000e0000000)
  object space 161280K, 21% used [0x00000000a0000000,0x00000000a224ad10,0x00000000a9d80000)
 Metaspace       used 57121K, capacity 59020K, committed 59096K, reserved 1099776K
  class space    used 7846K, capacity 8297K, committed 8320K, reserved 1048576K
}

