# JRE version: OpenJDK Runtime Environment (8.0_242-b01) (build 1.8.0_242-release-1644-b01)
# Java VM: OpenJDK 64-Bit Server VM (25.242-b01 mixed mode windows-amd64 compressed oops)
Heap:
 PSYoungGen      total 161792K, used 18866K [0x00000000e0000000, 0x00000000ecf80000, 0x0000000100000000)
  eden space 146944K, 2% used [0x00000000e0000000,0x00000000e03ed620,0x00000000e8f80000)
  from space 14848K, 99% used [0x00000000e8f80000,0x00000000e9dff3d8,0x00000000e9e00000)
  to   space 19456K, 0% used [0x00000000ebc80000,0x00000000ebc80000,0x00000000ecf80000)
 ParOldGen       total 87552K, used 26042K [0x00000000a0000000, 0x00000000a5580000, 0x00000000e0000000)
  object space 87552K, 29% used [0x00000000a0000000,0x00000000a196e868,0x00000000a5580000)
 Metaspace       used 55542K, capacity 57378K, committed 57600K, reserved 1099776K
  class space    used 7651K, capacity 8092K, committed 8192K, reserved 1048576K
GC Heap History (10 events):
Event: 7.985 GC heap before
{Heap before GC invocations=9 (full 1):
 PSYoungGen      total 77312K, used 74441K [0x00000000e0000000, 0x00000000e7f80000, 0x0000000100000000)
  eden space 66048K, 100% used [0x00000000e0000000,0x00000000e4080000,0x00000000e4080000)
  from space 11264K, 74% used [0x00000000e4080000,0x00000000e48b2648,0x00000000e4b80000)
  to   space 11776K, 0% used [0x00000000e7400000,0x00000000e7400000,0x00000000e7f80000)
 ParOldGen       total 58880K, used 9197K [0x00000000a0000000, 0x00000000a3980000, 0x00000000e0000000)
  object space 58880K, 15% used [0x00000000a0000000,0x00000000a08fb518,0x00000000a3980000)
 Metaspace       used 32089K, capacity 32814K, committed 33152K, reserved 1077248K
  class space    used 4397K, capacity 4660K, committed 4736K, reserved 1048576K
Event: 8.023 GC heap after
Heap after GC invocations=9 (full 1):
 PSYoungGen      total 118784K, used 8545K [0x00000000e0000000, 0x00000000e8580000, 0x0000000100000000)
  eden space 107008K, 0% used [0x00000000e0000000,0x00000000e0000000,0x00000000e6880000)
  from space 11776K, 72% used [0x00000000e7400000,0x00000000e7c587b0,0x00000000e7f80000)
  to   space 11776K, 0% used [0x00000000e6880000,0x00000000e6880000,0x00000000e7400000)
 ParOldGen       total 58880K, used 9197K [0x00000000a0000000, 0x00000000a3980000, 0x00000000e0000000)
  object space 58880K, 15% used [0x00000000a0000000,0x00000000a08fb518,0x00000000a3980000)
 Metaspace       used 32089K, capacity 32814K, committed 33152K, reserved 1077248K
  class space    used 4397K, capacity 4660K, committed 4736K, reserved 1048576K
}
Event: 8.824 GC heap before
{Heap before GC invocations=10 (full 1):
 PSYoungGen      total 118784K, used 60668K [0x00000000e0000000, 0x00000000e8580000, 0x0000000100000000)
  eden space 107008K, 48% used [0x00000000e0000000,0x00000000e32e6bc0,0x00000000e6880000)
  from space 11776K, 72% used [0x00000000e7400000,0x00000000e7c587b0,0x00000000e7f80000)
  to   space 11776K, 0% used [0x00000000e6880000,0x00000000e6880000,0x00000000e7400000)
 ParOldGen       total 58880K, used 9197K [0x00000000a0000000, 0x00000000a3980000, 0x00000000e0000000)
  object space 58880K, 15% used [0x00000000a0000000,0x00000000a08fb518,0x00000000a3980000)
 Metaspace       used 34514K, capacity 35396K, committed 35456K, reserved 1079296K
  class space    used 4736K, capacity 4991K, committed 4992K, reserved 1048576K
Event: 8.837 GC heap after
Heap after GC invocations=10 (full 1):
 PSYoungGen      total 118784K, used 9791K [0x00000000e0000000, 0x00000000eac80000, 0x0000000100000000)
  eden space 107008K, 0% used [0x00000000e0000000,0x00000000e0000000,0x00000000e6880000)
  from space 11776K, 83% used [0x00000000e6880000,0x00000000e720fee8,0x00000000e7400000)
  to   space 12288K, 0% used [0x00000000ea080000,0x00000000ea080000,0x00000000eac80000)
 ParOldGen       total 58880K, used 9205K [0x00000000a0000000, 0x00000000a3980000, 0x00000000e0000000)
  object space 58880K, 15% used [0x00000000a0000000,0x00000000a08fd518,0x00000000a3980000)
 Metaspace       used 34514K, capacity 35396K, committed 35456K, reserved 1079296K
  class space    used 4736K, capacity 4991K, committed 4992K, reserved 1048576K
}
Event: 8.837 GC heap before
{Heap before GC invocations=11 (full 2):
 PSYoungGen      total 118784K, used 9791K [0x00000000e0000000, 0x00000000eac80000, 0x0000000100000000)
  eden space 107008K, 0% used [0x00000000e0000000,0x00000000e0000000,0x00000000e6880000)
  from space 11776K, 83% used [0x00000000e6880000,0x00000000e720fee8,0x00000000e7400000)
  to   space 12288K, 0% used [0x00000000ea080000,0x00000000ea080000,0x00000000eac80000)
 ParOldGen       total 58880K, used 9205K [0x00000000a0000000, 0x00000000a3980000, 0x00000000e0000000)
  object space 58880K, 15% used [0x00000000a0000000,0x00000000a08fd518,0x00000000a3980000)
 Metaspace       used 34514K, capacity 35396K, committed 35456K, reserved 1079296K
  class space    used 4736K, capacity 4991K, committed 4992K, reserved 1048576K
Event: 8.917 GC heap after
Heap after GC invocations=11 (full 2):
 PSYoungGen      total 118784K, used 0K [0x00000000e0000000, 0x00000000eac80000, 0x0000000100000000)
  eden space 107008K, 0% used [0x00000000e0000000,0x00000000e0000000,0x00000000e6880000)
  from space 11776K, 0% used [0x00000000e6880000,0x00000000e6880000,0x00000000e7400000)
  to   space 12288K, 0% used [0x00000000ea080000,0x00000000ea080000,0x00000000eac80000)
 ParOldGen       total 87552K, used 16420K [0x00000000a0000000, 0x00000000a5580000, 0x00000000e0000000)
  object space 87552K, 18% used [0x00000000a0000000,0x00000000a1009040,0x00000000a5580000)
 Metaspace       used 34505K, capacity 35366K, committed 35456K, reserved 1079296K
  class space    used 4733K, capacity 4986K, committed 4992K, reserved 1048576K
}
Event: 13.429 GC heap before
{Heap before GC invocations=12 (full 2):
 PSYoungGen      total 118784K, used 107008K [0x00000000e0000000, 0x00000000eac80000, 0x0000000100000000)
  eden space 107008K, 100% used [0x00000000e0000000,0x00000000e6880000,0x00000000e6880000)
  from space 11776K, 0% used [0x00000000e6880000,0x00000000e6880000,0x00000000e7400000)
  to   space 12288K, 0% used [0x00000000ea080000,0x00000000ea080000,0x00000000eac80000)
 ParOldGen       total 87552K, used 16420K [0x00000000a0000000, 0x00000000a5580000, 0x00000000e0000000)
  object space 87552K, 18% used [0x00000000a0000000,0x00000000a1009040,0x00000000a5580000)
 Metaspace       used 44480K, capacity 45670K, committed 46080K, reserved 1089536K
  class space    used 6001K, capacity 6321K, committed 6400K, reserved 1048576K
Event: 13.445 GC heap after
Heap after GC invocations=12 (full 2):
 PSYoungGen      total 150016K, used 12281K [0x00000000e0000000, 0x00000000eac80000, 0x0000000100000000)
  eden space 137728K, 0% used [0x00000000e0000000,0x00000000e0000000,0x00000000e8680000)
  from space 12288K, 99% used [0x00000000ea080000,0x00000000eac7e628,0x00000000eac80000)
  to   space 14848K, 0% used [0x00000000e8f80000,0x00000000e8f80000,0x00000000e9e00000)
 ParOldGen       total 87552K, used 18463K [0x00000000a0000000, 0x00000000a5580000, 0x00000000e0000000)
  object space 87552K, 21% used [0x00000000a0000000,0x00000000a1207cf8,0x00000000a5580000)
 Metaspace       used 44480K, capacity 45670K, committed 46080K, reserved 1089536K
  class space    used 6001K, capacity 6321K, committed 6400K, reserved 1048576K
}
Event: 21.067 GC heap before
{Heap before GC invocations=13 (full 2):
 PSYoungGen      total 150016K, used 150009K [0x00000000e0000000, 0x00000000eac80000, 0x0000000100000000)
  eden space 137728K, 100% used [0x00000000e0000000,0x00000000e8680000,0x00000000e8680000)
  from space 12288K, 99% used [0x00000000ea080000,0x00000000eac7e628,0x00000000eac80000)
  to   space 14848K, 0% used [0x00000000e8f80000,0x00000000e8f80000,0x00000000e9e00000)
 ParOldGen       total 87552K, used 18463K [0x00000000a0000000, 0x00000000a5580000, 0x00000000e0000000)
  object space 87552K, 21% used [0x00000000a0000000,0x00000000a1207cf8,0x00000000a5580000)
 Metaspace       used 55507K, capacity 57348K, committed 57600K, reserved 1099776K
  class space    used 7644K, capacity 8087K, committed 8192K, reserved 1048576K
Event: 21.110 GC heap after
Heap after GC invocations=13 (full 2):
 PSYoungGen      total 161792K, used 14844K [0x00000000e0000000, 0x00000000ecf80000, 0x0000000100000000)
  eden space 146944K, 0% used [0x00000000e0000000,0x00000000e0000000,0x00000000e8f80000)
  from space 14848K, 99% used [0x00000000e8f80000,0x00000000e9dff3d8,0x00000000e9e00000)
  to   space 19456K, 0% used [0x00000000ebc80000,0x00000000ebc80000,0x00000000ecf80000)
 ParOldGen       total 87552K, used 26042K [0x00000000a0000000, 0x00000000a5580000, 0x00000000e0000000)
  object space 87552K, 29% used [0x00000000a0000000,0x00000000a196e868,0x00000000a5580000)
 Metaspace       used 55507K, capacity 57348K, committed 57600K, reserved 1099776K
  class space    used 7644K, capacity 8087K, committed 8192K, reserved 1048576K
}

